TN:
SF:dataManager.js
FN:8,loadData
FN:16,saveData
FN:21,addPlayer
FN:31,changeSocketId
FN:41,addRoom
FN:51,showRooms
FN:59,addPlayerToRoom
FN:69,removePlayerToRoom
FN:81,removePlayer
FN:90,createRoom
FN:99,logMatch
FNF:11
FNH:0
FNDA:0,loadData
FNDA:0,saveData
FNDA:0,addPlayer
FNDA:0,changeSocketId
FNDA:0,addRoom
FNDA:0,showRooms
FNDA:0,addPlayerToRoom
FNDA:0,removePlayerToRoom
FNDA:0,removePlayer
FNDA:0,createRoom
FNDA:0,logMatch
DA:2,0
DA:3,0
DA:5,0
DA:9,0
DA:10,0
DA:11,0
DA:17,0
DA:22,0
DA:23,0
DA:24,0
DA:25,0
DA:26,0
DA:32,0
DA:33,0
DA:34,0
DA:35,0
DA:36,0
DA:42,0
DA:43,0
DA:44,0
DA:45,0
DA:46,0
DA:52,0
DA:53,0
DA:54,0
DA:55,0
DA:60,0
DA:61,0
DA:62,0
DA:63,0
DA:64,0
DA:70,0
DA:71,0
DA:72,0
DA:73,0
DA:74,0
DA:75,0
DA:76,0
DA:82,0
DA:83,0
DA:84,0
DA:85,0
DA:86,0
DA:91,0
DA:92,0
DA:93,0
DA:94,0
DA:95,0
DA:100,0
DA:105,0
DA:106,0
DA:109,0
DA:111,0
LF:53
LH:0
BRDA:9,0,0,0
BRDA:9,0,1,0
BRDA:24,1,0,0
BRDA:24,1,1,0
BRDA:34,2,0,0
BRDA:34,2,1,0
BRDA:44,3,0,0
BRDA:44,3,1,0
BRDA:62,4,0,0
BRDA:62,4,1,0
BRDA:72,5,0,0
BRDA:72,5,1,0
BRDA:74,6,0,0
BRDA:74,6,1,0
BRDA:84,7,0,0
BRDA:84,7,1,0
BRDA:90,8,0,0
BRDA:93,9,0,0
BRDA:93,9,1,0
BRF:19
BRH:0
end_of_record
TN:
SF:model.js
FN:1,score
FNF:1
FNH:0
FNDA:0,score
DA:3,0
DA:4,0
DA:5,0
DA:6,0
DA:7,0
DA:9,0
DA:12,0
DA:13,0
DA:15,0
DA:19,0
DA:20,0
DA:21,0
DA:23,0
DA:26,0
DA:30,0
DA:31,0
DA:32,0
DA:33,0
DA:35,0
DA:38,0
DA:39,0
DA:41,0
DA:45,0
DA:46,0
DA:47,0
DA:49,0
DA:52,0
DA:53,0
DA:55,0
DA:61,0
DA:62,0
DA:63,0
DA:64,0
DA:65,0
DA:67,0
DA:70,0
DA:71,0
DA:73,0
DA:77,0
DA:78,0
DA:79,0
DA:81,0
DA:84,0
DA:88,0
DA:89,0
DA:90,0
DA:91,0
DA:93,0
DA:96,0
DA:97,0
DA:99,0
DA:103,0
DA:104,0
DA:105,0
DA:107,0
DA:110,0
DA:111,0
DA:113,0
DA:119,0
DA:120,0
DA:121,0
DA:122,0
DA:123,0
DA:125,0
DA:128,0
DA:129,0
DA:131,0
DA:135,0
DA:136,0
DA:137,0
DA:139,0
DA:142,0
DA:143,0
DA:145,0
DA:150,0
DA:151,0
DA:152,0
DA:153,0
DA:155,0
DA:158,0
DA:159,0
DA:161,0
DA:165,0
DA:166,0
DA:167,0
DA:169,0
DA:172,0
DA:173,0
DA:175,0
DA:181,0
DA:182,0
DA:183,0
DA:184,0
DA:185,0
DA:187,0
DA:190,0
DA:191,0
DA:193,0
DA:197,0
DA:198,0
DA:199,0
DA:201,0
DA:204,0
DA:205,0
DA:207,0
DA:212,0
DA:213,0
DA:214,0
DA:215,0
DA:217,0
DA:220,0
DA:221,0
DA:223,0
DA:227,0
DA:228,0
DA:229,0
DA:231,0
DA:234,0
DA:235,0
DA:237,0
DA:243,0
DA:244,0
DA:245,0
DA:246,0
DA:247,0
DA:249,0
DA:252,0
DA:253,0
DA:255,0
DA:259,0
DA:260,0
DA:261,0
DA:263,0
DA:266,0
DA:267,0
DA:269,0
DA:274,0
DA:275,0
DA:276,0
DA:277,0
DA:279,0
DA:282,0
DA:283,0
DA:285,0
DA:289,0
DA:290,0
DA:291,0
DA:293,0
DA:296,0
DA:297,0
DA:299,0
DA:305,0
DA:306,0
DA:307,0
DA:308,0
DA:309,0
DA:311,0
DA:314,0
DA:315,0
DA:317,0
DA:321,0
DA:322,0
DA:323,0
DA:325,0
DA:328,0
DA:329,0
DA:331,0
DA:336,0
DA:337,0
DA:338,0
DA:339,0
DA:341,0
DA:344,0
DA:345,0
DA:347,0
DA:351,0
DA:352,0
DA:353,0
DA:355,0
DA:358,0
DA:359,0
DA:361,0
DA:367,0
DA:368,0
DA:369,0
DA:370,0
DA:371,0
DA:373,0
DA:376,0
DA:377,0
DA:379,0
DA:383,0
DA:384,0
DA:385,0
DA:387,0
DA:390,0
DA:391,0
DA:393,0
DA:398,0
DA:399,0
DA:400,0
DA:401,0
DA:403,0
DA:406,0
DA:407,0
DA:409,0
DA:413,0
DA:414,0
DA:415,0
DA:417,0
DA:420,0
DA:421,0
DA:423,0
DA:429,0
DA:430,0
DA:431,0
DA:432,0
DA:433,0
DA:435,0
DA:438,0
DA:439,0
DA:441,0
DA:445,0
DA:446,0
DA:447,0
DA:449,0
DA:452,0
DA:453,0
DA:455,0
DA:460,0
DA:461,0
DA:462,0
DA:463,0
DA:465,0
DA:468,0
DA:469,0
DA:471,0
DA:475,0
DA:476,0
DA:477,0
DA:479,0
DA:482,0
DA:483,0
DA:485,0
DA:491,0
DA:492,0
DA:493,0
DA:494,0
DA:495,0
DA:497,0
DA:500,0
DA:501,0
DA:503,0
DA:507,0
DA:508,0
DA:509,0
DA:511,0
DA:514,0
DA:515,0
DA:517,0
DA:522,0
DA:523,0
DA:524,0
DA:525,0
DA:527,0
DA:530,0
DA:531,0
DA:533,0
DA:537,0
DA:538,0
DA:539,0
DA:541,0
DA:544,0
DA:545,0
DA:547,0
DA:553,0
DA:554,0
DA:555,0
DA:556,0
DA:557,0
DA:559,0
DA:562,0
DA:563,0
DA:565,0
DA:569,0
DA:570,0
DA:571,0
DA:573,0
DA:576,0
DA:577,0
DA:579,0
DA:584,0
DA:585,0
DA:586,0
DA:587,0
DA:589,0
DA:592,0
DA:593,0
DA:595,0
DA:599,0
DA:600,0
DA:601,0
DA:603,0
DA:606,0
DA:607,0
DA:609,0
DA:615,0
DA:616,0
DA:617,0
DA:618,0
DA:619,0
DA:621,0
DA:624,0
DA:625,0
DA:627,0
DA:631,0
DA:632,0
DA:633,0
DA:635,0
DA:638,0
DA:639,0
DA:641,0
DA:646,0
DA:647,0
DA:648,0
DA:649,0
DA:651,0
DA:654,0
DA:655,0
DA:657,0
DA:661,0
DA:662,0
DA:663,0
DA:665,0
DA:668,0
DA:669,0
DA:671,0
DA:677,0
DA:678,0
DA:679,0
DA:680,0
DA:681,0
DA:683,0
DA:686,0
DA:687,0
DA:689,0
DA:693,0
DA:694,0
DA:695,0
DA:697,0
DA:700,0
DA:701,0
DA:703,0
DA:708,0
DA:709,0
DA:710,0
DA:711,0
DA:713,0
DA:716,0
DA:717,0
DA:719,0
DA:723,0
DA:724,0
DA:725,0
DA:727,0
DA:730,0
DA:731,0
DA:733,0
DA:739,0
DA:740,0
DA:741,0
DA:742,0
DA:743,0
DA:745,0
DA:748,0
DA:749,0
DA:751,0
DA:755,0
DA:756,0
DA:757,0
DA:759,0
DA:762,0
DA:763,0
DA:765,0
DA:770,0
DA:771,0
DA:772,0
DA:773,0
DA:775,0
DA:778,0
DA:779,0
DA:781,0
DA:785,0
DA:786,0
DA:787,0
DA:789,0
DA:792,0
DA:793,0
DA:795,0
DA:801,0
DA:802,0
DA:803,0
DA:804,0
DA:805,0
DA:807,0
DA:810,0
DA:811,0
DA:813,0
DA:817,0
DA:818,0
DA:819,0
DA:821,0
DA:824,0
DA:825,0
DA:827,0
DA:832,0
DA:833,0
DA:834,0
DA:835,0
DA:837,0
DA:840,0
DA:841,0
DA:843,0
DA:847,0
DA:848,0
DA:849,0
DA:851,0
DA:854,0
DA:855,0
DA:857,0
DA:863,0
DA:864,0
DA:865,0
DA:866,0
DA:867,0
DA:869,0
DA:872,0
DA:873,0
DA:875,0
DA:879,0
DA:880,0
DA:881,0
DA:883,0
DA:886,0
DA:887,0
DA:889,0
DA:894,0
DA:895,0
DA:896,0
DA:897,0
DA:899,0
DA:902,0
DA:903,0
DA:905,0
DA:909,0
DA:910,0
DA:911,0
DA:913,0
DA:916,0
DA:917,0
DA:919,0
DA:925,0
DA:926,0
DA:927,0
DA:928,0
DA:929,0
DA:931,0
DA:934,0
DA:935,0
DA:937,0
DA:941,0
DA:942,0
DA:943,0
DA:945,0
DA:948,0
DA:949,0
DA:951,0
DA:956,0
DA:957,0
DA:958,0
DA:959,0
DA:961,0
DA:964,0
DA:965,0
DA:967,0
DA:971,0
DA:972,0
DA:973,0
DA:975,0
DA:978,0
DA:979,0
DA:981,0
DA:987,0
DA:988,0
DA:989,0
DA:990,0
DA:991,0
DA:993,0
DA:996,0
DA:997,0
DA:999,0
DA:1003,0
DA:1004,0
DA:1005,0
DA:1007,0
DA:1010,0
DA:1014,0
DA:1015,0
DA:1016,0
DA:1017,0
DA:1019,0
DA:1022,0
DA:1023,0
DA:1025,0
DA:1029,0
DA:1030,0
DA:1031,0
DA:1033,0
DA:1036,0
DA:1037,0
DA:1039,0
DA:1045,0
DA:1046,0
DA:1047,0
DA:1048,0
DA:1049,0
DA:1051,0
DA:1054,0
DA:1055,0
DA:1057,0
DA:1061,0
DA:1062,0
DA:1063,0
DA:1065,0
DA:1068,0
DA:1069,0
DA:1071,0
DA:1076,0
DA:1077,0
DA:1078,0
DA:1079,0
DA:1081,0
DA:1084,0
DA:1085,0
DA:1087,0
DA:1091,0
DA:1092,0
DA:1093,0
DA:1095,0
DA:1098,0
DA:1099,0
DA:1101,0
DA:1107,0
DA:1108,0
DA:1109,0
DA:1110,0
DA:1111,0
DA:1113,0
DA:1116,0
DA:1117,0
DA:1119,0
DA:1123,0
DA:1124,0
DA:1125,0
DA:1127,0
DA:1130,0
DA:1131,0
DA:1133,0
DA:1138,0
DA:1139,0
DA:1140,0
DA:1141,0
DA:1143,0
DA:1146,0
DA:1147,0
DA:1149,0
DA:1153,0
DA:1154,0
DA:1155,0
DA:1157,0
DA:1160,0
DA:1161,0
DA:1163,0
DA:1169,0
DA:1170,0
DA:1171,0
DA:1172,0
DA:1173,0
DA:1175,0
DA:1178,0
DA:1179,0
DA:1181,0
DA:1185,0
DA:1186,0
DA:1187,0
DA:1189,0
DA:1192,0
DA:1193,0
DA:1195,0
DA:1200,0
DA:1201,0
DA:1202,0
DA:1203,0
DA:1205,0
DA:1208,0
DA:1209,0
DA:1211,0
DA:1215,0
DA:1216,0
DA:1217,0
DA:1219,0
DA:1222,0
DA:1223,0
DA:1225,0
DA:1231,0
DA:1232,0
DA:1233,0
DA:1234,0
DA:1235,0
DA:1237,0
DA:1240,0
DA:1241,0
DA:1243,0
DA:1247,0
DA:1248,0
DA:1249,0
DA:1251,0
DA:1254,0
DA:1255,0
DA:1257,0
DA:1262,0
DA:1263,0
DA:1264,0
DA:1265,0
DA:1267,0
DA:1270,0
DA:1271,0
DA:1273,0
DA:1277,0
DA:1278,0
DA:1279,0
DA:1281,0
DA:1284,0
DA:1285,0
DA:1287,0
DA:1293,0
DA:1294,0
DA:1295,0
DA:1296,0
DA:1297,0
DA:1299,0
DA:1302,0
DA:1303,0
DA:1305,0
DA:1309,0
DA:1310,0
DA:1311,0
DA:1313,0
DA:1316,0
DA:1317,0
DA:1319,0
DA:1324,0
DA:1325,0
DA:1326,0
DA:1327,0
DA:1329,0
DA:1332,0
DA:1333,0
DA:1335,0
DA:1339,0
DA:1340,0
DA:1341,0
DA:1343,0
DA:1346,0
DA:1347,0
DA:1349,0
DA:1355,0
DA:1356,0
DA:1357,0
DA:1358,0
DA:1359,0
DA:1361,0
DA:1364,0
DA:1365,0
DA:1367,0
DA:1371,0
DA:1372,0
DA:1373,0
DA:1375,0
DA:1378,0
DA:1379,0
DA:1381,0
DA:1386,0
DA:1387,0
DA:1388,0
DA:1389,0
DA:1391,0
DA:1394,0
DA:1395,0
DA:1397,0
DA:1401,0
DA:1402,0
DA:1403,0
DA:1405,0
DA:1408,0
DA:1409,0
DA:1411,0
DA:1417,0
DA:1418,0
DA:1419,0
DA:1420,0
DA:1421,0
DA:1423,0
DA:1426,0
DA:1427,0
DA:1429,0
DA:1433,0
DA:1434,0
DA:1435,0
DA:1437,0
DA:1440,0
DA:1441,0
DA:1443,0
DA:1448,0
DA:1449,0
DA:1450,0
DA:1451,0
DA:1453,0
DA:1456,0
DA:1457,0
DA:1459,0
DA:1463,0
DA:1464,0
DA:1465,0
DA:1467,0
DA:1470,0
DA:1471,0
DA:1473,0
DA:1479,0
DA:1480,0
DA:1481,0
DA:1482,0
DA:1483,0
DA:1485,0
DA:1488,0
DA:1489,0
DA:1491,0
DA:1495,0
DA:1496,0
DA:1497,0
DA:1499,0
DA:1502,0
DA:1503,0
DA:1505,0
DA:1510,0
DA:1511,0
DA:1512,0
DA:1513,0
DA:1515,0
DA:1518,0
DA:1519,0
DA:1521,0
DA:1525,0
DA:1526,0
DA:1527,0
DA:1529,0
DA:1532,0
DA:1533,0
DA:1535,0
DA:1541,0
DA:1542,0
DA:1543,0
DA:1544,0
DA:1545,0
DA:1547,0
DA:1550,0
DA:1551,0
DA:1553,0
DA:1557,0
DA:1558,0
DA:1559,0
DA:1561,0
DA:1564,0
DA:1565,0
DA:1567,0
DA:1572,0
DA:1573,0
DA:1574,0
DA:1575,0
DA:1577,0
DA:1580,0
DA:1581,0
DA:1583,0
DA:1587,0
DA:1588,0
DA:1589,0
DA:1591,0
DA:1594,0
DA:1595,0
DA:1597,0
DA:1603,0
DA:1604,0
DA:1605,0
DA:1606,0
DA:1607,0
DA:1609,0
DA:1612,0
DA:1613,0
DA:1615,0
DA:1619,0
DA:1620,0
DA:1621,0
DA:1623,0
DA:1626,0
DA:1627,0
DA:1629,0
DA:1634,0
DA:1635,0
DA:1636,0
DA:1637,0
DA:1639,0
DA:1642,0
DA:1643,0
DA:1645,0
DA:1649,0
DA:1650,0
DA:1651,0
DA:1653,0
DA:1656,0
DA:1657,0
DA:1659,0
DA:1665,0
DA:1666,0
DA:1667,0
DA:1668,0
DA:1669,0
DA:1671,0
DA:1674,0
DA:1675,0
DA:1677,0
DA:1681,0
DA:1682,0
DA:1683,0
DA:1685,0
DA:1688,0
DA:1689,0
DA:1691,0
DA:1696,0
DA:1697,0
DA:1698,0
DA:1699,0
DA:1701,0
DA:1704,0
DA:1705,0
DA:1707,0
DA:1711,0
DA:1712,0
DA:1713,0
DA:1715,0
DA:1718,0
DA:1719,0
DA:1721,0
DA:1727,0
DA:1728,0
DA:1729,0
DA:1730,0
DA:1731,0
DA:1733,0
DA:1736,0
DA:1737,0
DA:1739,0
DA:1743,0
DA:1744,0
DA:1745,0
DA:1747,0
DA:1750,0
DA:1751,0
DA:1753,0
DA:1758,0
DA:1759,0
DA:1760,0
DA:1761,0
DA:1763,0
DA:1766,0
DA:1767,0
DA:1769,0
DA:1773,0
DA:1774,0
DA:1776,0
DA:1781,0
DA:1782,0
DA:1783,0
DA:1784,0
DA:1785,0
DA:1787,0
DA:1790,0
DA:1791,0
DA:1793,0
DA:1797,0
DA:1798,0
DA:1799,0
DA:1801,0
DA:1804,0
DA:1805,0
DA:1807,0
DA:1812,0
DA:1813,0
DA:1814,0
DA:1815,0
DA:1817,0
DA:1820,0
DA:1821,0
DA:1823,0
DA:1827,0
DA:1828,0
DA:1829,0
DA:1831,0
DA:1834,0
DA:1835,0
DA:1837,0
DA:1843,0
DA:1844,0
DA:1845,0
DA:1846,0
DA:1847,0
DA:1849,0
DA:1852,0
DA:1853,0
DA:1855,0
DA:1859,0
DA:1860,0
DA:1861,0
DA:1863,0
DA:1866,0
DA:1867,0
DA:1869,0
DA:1874,0
DA:1875,0
DA:1876,0
DA:1877,0
DA:1879,0
DA:1882,0
DA:1883,0
DA:1885,0
DA:1889,0
DA:1890,0
DA:1892,0
DA:1893,0
DA:1895,0
DA:1901,0
DA:1902,0
DA:1903,0
DA:1904,0
DA:1905,0
DA:1907,0
DA:1910,0
DA:1911,0
DA:1913,0
DA:1917,0
DA:1918,0
DA:1919,0
DA:1921,0
DA:1924,0
DA:1925,0
DA:1927,0
DA:1932,0
DA:1933,0
DA:1934,0
DA:1935,0
DA:1937,0
DA:1940,0
DA:1941,0
DA:1943,0
DA:1947,0
DA:1948,0
DA:1949,0
DA:1951,0
DA:1954,0
DA:1955,0
DA:1957,0
DA:1963,0
DA:1964,0
DA:1965,0
DA:1966,0
DA:1967,0
DA:1969,0
DA:1972,0
DA:1973,0
DA:1975,0
DA:1979,0
DA:1980,0
DA:1981,0
DA:1983,0
DA:1986,0
DA:1987,0
DA:1989,0
DA:1994,0
DA:1995,0
DA:1996,0
DA:1997,0
DA:1999,0
DA:2002,0
DA:2003,0
DA:2005,0
DA:2009,0
DA:2010,0
DA:2011,0
DA:2013,0
DA:2016,0
DA:2017,0
DA:2019,0
DA:2025,0
DA:2026,0
DA:2027,0
DA:2028,0
DA:2029,0
DA:2031,0
DA:2034,0
DA:2035,0
DA:2037,0
DA:2041,0
DA:2042,0
DA:2043,0
DA:2045,0
DA:2048,0
DA:2049,0
DA:2051,0
DA:2056,0
DA:2057,0
DA:2058,0
DA:2059,0
DA:2061,0
DA:2064,0
DA:2065,0
DA:2067,0
DA:2071,0
DA:2072,0
DA:2073,0
DA:2075,0
DA:2078,0
DA:2079,0
DA:2081,0
DA:2087,0
DA:2088,0
DA:2089,0
DA:2090,0
DA:2091,0
DA:2093,0
DA:2096,0
DA:2097,0
DA:2099,0
DA:2103,0
DA:2104,0
DA:2105,0
DA:2107,0
DA:2110,0
DA:2111,0
DA:2113,0
DA:2118,0
DA:2119,0
DA:2120,0
DA:2121,0
DA:2123,0
DA:2126,0
DA:2127,0
DA:2129,0
DA:2133,0
DA:2134,0
DA:2135,0
DA:2137,0
DA:2140,0
DA:2141,0
DA:2143,0
DA:2149,0
DA:2150,0
DA:2151,0
DA:2152,0
DA:2153,0
DA:2155,0
DA:2158,0
DA:2159,0
DA:2161,0
DA:2165,0
DA:2166,0
DA:2167,0
DA:2169,0
DA:2172,0
DA:2173,0
DA:2175,0
DA:2180,0
DA:2181,0
DA:2182,0
DA:2183,0
DA:2185,0
DA:2188,0
DA:2189,0
DA:2191,0
DA:2195,0
DA:2196,0
DA:2197,0
DA:2199,0
DA:2202,0
DA:2203,0
DA:2205,0
DA:2211,0
DA:2212,0
DA:2213,0
DA:2214,0
DA:2215,0
DA:2217,0
DA:2220,0
DA:2221,0
DA:2223,0
DA:2227,0
DA:2228,0
DA:2229,0
DA:2231,0
DA:2234,0
DA:2235,0
DA:2237,0
DA:2242,0
DA:2243,0
DA:2244,0
DA:2245,0
DA:2247,0
DA:2250,0
DA:2251,0
DA:2253,0
DA:2257,0
DA:2258,0
DA:2259,0
DA:2261,0
DA:2264,0
DA:2265,0
DA:2267,0
DA:2273,0
DA:2274,0
DA:2275,0
DA:2276,0
DA:2277,0
DA:2279,0
DA:2282,0
DA:2283,0
DA:2285,0
DA:2289,0
DA:2290,0
DA:2291,0
DA:2293,0
DA:2296,0
DA:2297,0
DA:2299,0
DA:2304,0
DA:2305,0
DA:2306,0
DA:2307,0
DA:2309,0
DA:2312,0
DA:2313,0
DA:2315,0
DA:2319,0
DA:2320,0
DA:2322,0
DA:2323,0
DA:2325,0
DA:2331,0
DA:2332,0
DA:2333,0
DA:2334,0
DA:2335,0
DA:2337,0
DA:2340,0
DA:2341,0
DA:2343,0
DA:2347,0
DA:2348,0
DA:2349,0
DA:2351,0
DA:2354,0
DA:2355,0
DA:2357,0
DA:2362,0
DA:2363,0
DA:2364,0
DA:2365,0
DA:2367,0
DA:2370,0
DA:2371,0
DA:2373,0
DA:2377,0
DA:2378,0
DA:2379,0
DA:2381,0
DA:2384,0
DA:2385,0
DA:2387,0
DA:2393,0
DA:2394,0
DA:2395,0
DA:2396,0
DA:2397,0
DA:2399,0
DA:2402,0
DA:2403,0
DA:2405,0
DA:2409,0
DA:2410,0
DA:2411,0
DA:2413,0
DA:2416,0
DA:2417,0
DA:2419,0
DA:2424,0
DA:2425,0
DA:2426,0
DA:2427,0
DA:2429,0
DA:2432,0
DA:2433,0
DA:2435,0
DA:2439,0
DA:2440,0
DA:2441,0
DA:2443,0
DA:2446,0
DA:2451,0
DA:2452,0
DA:2453,0
DA:2454,0
DA:2455,0
DA:2457,0
DA:2460,0
DA:2461,0
DA:2463,0
DA:2467,0
DA:2468,0
DA:2469,0
DA:2471,0
DA:2474,0
DA:2475,0
DA:2477,0
DA:2482,0
DA:2483,0
DA:2484,0
DA:2485,0
DA:2487,0
DA:2490,0
DA:2491,0
DA:2493,0
DA:2497,0
DA:2498,0
DA:2499,0
DA:2501,0
DA:2504,0
DA:2505,0
DA:2507,0
DA:2513,0
DA:2514,0
DA:2515,0
DA:2516,0
DA:2517,0
DA:2519,0
DA:2522,0
DA:2523,0
DA:2525,0
DA:2529,0
DA:2530,0
DA:2531,0
DA:2533,0
DA:2536,0
DA:2537,0
DA:2539,0
DA:2544,0
DA:2545,0
DA:2546,0
DA:2547,0
DA:2549,0
DA:2552,0
DA:2553,0
DA:2555,0
DA:2559,0
DA:2560,0
DA:2561,0
DA:2563,0
DA:2566,0
DA:2567,0
DA:2569,0
DA:2575,0
DA:2576,0
DA:2577,0
DA:2578,0
DA:2579,0
DA:2581,0
DA:2584,0
DA:2585,0
DA:2587,0
DA:2591,0
DA:2592,0
DA:2593,0
DA:2595,0
DA:2598,0
DA:2599,0
DA:2601,0
DA:2606,0
DA:2607,0
DA:2608,0
DA:2609,0
DA:2611,0
DA:2614,0
DA:2615,0
DA:2617,0
DA:2621,0
DA:2622,0
DA:2623,0
DA:2625,0
DA:2628,0
DA:2629,0
DA:2631,0
DA:2637,0
DA:2638,0
DA:2639,0
DA:2640,0
DA:2641,0
DA:2643,0
DA:2646,0
DA:2647,0
DA:2649,0
DA:2653,0
DA:2654,0
DA:2655,0
DA:2657,0
DA:2660,0
DA:2661,0
DA:2663,0
DA:2668,0
DA:2669,0
DA:2670,0
DA:2671,0
DA:2673,0
DA:2676,0
DA:2677,0
DA:2679,0
DA:2683,0
DA:2684,0
DA:2685,0
DA:2687,0
DA:2690,0
DA:2691,0
DA:2693,0
DA:2699,0
DA:2700,0
DA:2701,0
DA:2702,0
DA:2703,0
DA:2705,0
DA:2708,0
DA:2709,0
DA:2711,0
DA:2715,0
DA:2716,0
DA:2717,0
DA:2719,0
DA:2722,0
DA:2723,0
DA:2725,0
DA:2730,0
DA:2731,0
DA:2732,0
DA:2733,0
DA:2735,0
DA:2738,0
DA:2739,0
DA:2741,0
DA:2745,0
DA:2746,0
DA:2747,0
DA:2749,0
DA:2752,0
DA:2753,0
DA:2755,0
DA:2761,0
DA:2762,0
DA:2763,0
DA:2764,0
DA:2765,0
DA:2767,0
DA:2770,0
DA:2771,0
DA:2773,0
DA:2777,0
DA:2778,0
DA:2779,0
DA:2781,0
DA:2784,0
DA:2785,0
DA:2787,0
DA:2792,0
DA:2793,0
DA:2794,0
DA:2795,0
DA:2797,0
DA:2800,0
DA:2801,0
DA:2803,0
DA:2807,0
DA:2808,0
DA:2809,0
DA:2811,0
DA:2814,0
DA:2815,0
DA:2817,0
DA:2823,0
DA:2824,0
DA:2825,0
DA:2826,0
DA:2827,0
DA:2829,0
DA:2832,0
DA:2833,0
DA:2835,0
DA:2839,0
DA:2840,0
DA:2841,0
DA:2843,0
DA:2846,0
DA:2847,0
DA:2849,0
DA:2854,0
DA:2855,0
DA:2856,0
DA:2857,0
DA:2859,0
DA:2862,0
DA:2863,0
DA:2865,0
DA:2869,0
DA:2870,0
DA:2871,0
DA:2873,0
DA:2876,0
DA:2877,0
DA:2879,0
DA:2885,0
DA:2886,0
DA:2887,0
DA:2888,0
DA:2889,0
DA:2891,0
DA:2894,0
DA:2895,0
DA:2897,0
DA:2901,0
DA:2902,0
DA:2903,0
DA:2905,0
DA:2908,0
DA:2909,0
DA:2911,0
DA:2916,0
DA:2917,0
DA:2918,0
DA:2919,0
DA:2921,0
DA:2924,0
DA:2925,0
DA:2927,0
DA:2931,0
DA:2932,0
DA:2933,0
DA:2935,0
DA:2938,0
DA:2943,0
DA:2944,0
DA:2945,0
DA:2946,0
DA:2947,0
DA:2949,0
DA:2952,0
DA:2953,0
DA:2955,0
DA:2959,0
DA:2960,0
DA:2961,0
DA:2963,0
DA:2966,0
DA:2967,0
DA:2969,0
DA:2974,0
DA:2975,0
DA:2976,0
DA:2977,0
DA:2979,0
DA:2982,0
DA:2983,0
DA:2985,0
DA:2989,0
DA:2990,0
DA:2991,0
DA:2993,0
DA:2996,0
DA:2997,0
DA:2999,0
DA:3005,0
DA:3006,0
DA:3007,0
DA:3008,0
DA:3009,0
DA:3011,0
DA:3014,0
DA:3015,0
DA:3017,0
DA:3021,0
DA:3022,0
DA:3023,0
DA:3025,0
DA:3028,0
DA:3029,0
DA:3031,0
DA:3036,0
DA:3037,0
DA:3038,0
DA:3039,0
DA:3041,0
DA:3044,0
DA:3045,0
DA:3047,0
DA:3051,0
DA:3052,0
DA:3053,0
DA:3055,0
DA:3058,0
DA:3059,0
DA:3061,0
DA:3067,0
DA:3068,0
DA:3069,0
DA:3070,0
DA:3071,0
DA:3073,0
DA:3076,0
DA:3077,0
DA:3079,0
DA:3083,0
DA:3084,0
DA:3085,0
DA:3087,0
DA:3090,0
DA:3091,0
DA:3093,0
DA:3098,0
DA:3099,0
DA:3100,0
DA:3101,0
DA:3103,0
DA:3106,0
DA:3107,0
DA:3109,0
DA:3113,0
DA:3114,0
DA:3115,0
DA:3117,0
DA:3120,0
DA:3121,0
DA:3123,0
DA:3129,0
DA:3130,0
DA:3131,0
DA:3132,0
DA:3133,0
DA:3135,0
DA:3138,0
DA:3139,0
DA:3141,0
DA:3145,0
DA:3146,0
DA:3147,0
DA:3149,0
DA:3152,0
DA:3153,0
DA:3155,0
DA:3160,0
DA:3161,0
DA:3162,0
DA:3163,0
DA:3165,0
DA:3168,0
DA:3169,0
DA:3171,0
DA:3175,0
DA:3176,0
DA:3177,0
DA:3179,0
DA:3182,0
DA:3183,0
DA:3185,0
DA:3191,0
DA:3192,0
DA:3193,0
DA:3194,0
DA:3195,0
DA:3197,0
DA:3200,0
DA:3201,0
DA:3203,0
DA:3207,0
DA:3208,0
DA:3209,0
DA:3211,0
DA:3214,0
DA:3215,0
DA:3217,0
DA:3222,0
DA:3223,0
DA:3224,0
DA:3225,0
DA:3227,0
DA:3230,0
DA:3231,0
DA:3233,0
DA:3237,0
DA:3238,0
DA:3239,0
DA:3241,0
DA:3244,0
DA:3245,0
DA:3247,0
DA:3253,0
DA:3254,0
DA:3255,0
DA:3256,0
DA:3257,0
DA:3259,0
DA:3262,0
DA:3263,0
DA:3265,0
DA:3269,0
DA:3270,0
DA:3271,0
DA:3273,0
DA:3276,0
DA:3277,0
DA:3279,0
DA:3284,0
DA:3285,0
DA:3286,0
DA:3287,0
DA:3289,0
DA:3292,0
DA:3293,0
DA:3295,0
DA:3299,0
DA:3300,0
DA:3301,0
DA:3303,0
DA:3306,0
DA:3307,0
DA:3309,0
DA:3315,0
DA:3316,0
DA:3317,0
DA:3318,0
DA:3319,0
DA:3321,0
DA:3324,0
DA:3325,0
DA:3327,0
DA:3331,0
DA:3332,0
DA:3333,0
DA:3335,0
DA:3338,0
DA:3339,0
DA:3341,0
DA:3346,0
DA:3347,0
DA:3348,0
DA:3350,0
DA:3351,0
DA:3353,0
DA:3357,0
DA:3358,0
DA:3359,0
DA:3361,0
DA:3364,0
DA:3365,0
DA:3367,0
DA:3373,0
DA:3374,0
DA:3375,0
DA:3376,0
DA:3377,0
DA:3379,0
DA:3382,0
DA:3383,0
DA:3385,0
DA:3389,0
DA:3390,0
DA:3391,0
DA:3393,0
DA:3396,0
DA:3397,0
DA:3399,0
DA:3404,0
DA:3405,0
DA:3406,0
DA:3407,0
DA:3409,0
DA:3412,0
DA:3413,0
DA:3415,0
DA:3419,0
DA:3420,0
DA:3421,0
DA:3423,0
DA:3426,0
DA:3427,0
DA:3429,0
DA:3435,0
DA:3436,0
DA:3437,0
DA:3438,0
DA:3439,0
DA:3441,0
DA:3444,0
DA:3445,0
DA:3447,0
DA:3451,0
DA:3452,0
DA:3453,0
DA:3455,0
DA:3458,0
DA:3459,0
DA:3461,0
DA:3466,0
DA:3467,0
DA:3468,0
DA:3469,0
DA:3471,0
DA:3474,0
DA:3475,0
DA:3477,0
DA:3481,0
DA:3482,0
DA:3483,0
DA:3485,0
DA:3488,0
DA:3489,0
DA:3491,0
DA:3497,0
DA:3498,0
DA:3499,0
DA:3500,0
DA:3501,0
DA:3503,0
DA:3506,0
DA:3507,0
DA:3509,0
DA:3513,0
DA:3514,0
DA:3515,0
DA:3517,0
DA:3520,0
DA:3521,0
DA:3523,0
DA:3528,0
DA:3529,0
DA:3530,0
DA:3531,0
DA:3533,0
DA:3536,0
DA:3537,0
DA:3539,0
DA:3543,0
DA:3544,0
DA:3545,0
DA:3547,0
DA:3550,0
DA:3551,0
DA:3553,0
DA:3559,0
DA:3560,0
DA:3561,0
DA:3562,0
DA:3563,0
DA:3565,0
DA:3568,0
DA:3569,0
DA:3571,0
DA:3575,0
DA:3576,0
DA:3577,0
DA:3579,0
DA:3582,0
DA:3583,0
DA:3585,0
DA:3590,0
DA:3591,0
DA:3592,0
DA:3593,0
DA:3595,0
DA:3598,0
DA:3599,0
DA:3601,0
DA:3605,0
DA:3606,0
DA:3607,0
DA:3609,0
DA:3612,0
DA:3613,0
DA:3615,0
DA:3621,0
DA:3622,0
DA:3623,0
DA:3624,0
DA:3625,0
DA:3627,0
DA:3630,0
DA:3631,0
DA:3633,0
DA:3637,0
DA:3638,0
DA:3639,0
DA:3641,0
DA:3644,0
DA:3645,0
DA:3647,0
DA:3652,0
DA:3653,0
DA:3654,0
DA:3655,0
DA:3657,0
DA:3660,0
DA:3661,0
DA:3663,0
DA:3667,0
DA:3668,0
DA:3669,0
DA:3671,0
DA:3674,0
DA:3675,0
DA:3677,0
DA:3683,0
DA:3684,0
DA:3685,0
DA:3686,0
DA:3687,0
DA:3689,0
DA:3692,0
DA:3693,0
DA:3695,0
DA:3699,0
DA:3700,0
DA:3701,0
DA:3703,0
DA:3706,0
DA:3707,0
DA:3709,0
DA:3714,0
DA:3715,0
DA:3716,0
DA:3717,0
DA:3719,0
DA:3722,0
DA:3723,0
DA:3725,0
DA:3729,0
DA:3730,0
DA:3731,0
DA:3733,0
DA:3736,0
DA:3737,0
DA:3739,0
DA:3745,0
DA:3746,0
DA:3747,0
DA:3748,0
DA:3749,0
DA:3751,0
DA:3754,0
DA:3755,0
DA:3757,0
DA:3761,0
DA:3762,0
DA:3763,0
DA:3765,0
DA:3768,0
DA:3769,0
DA:3771,0
DA:3776,0
DA:3777,0
DA:3778,0
DA:3779,0
DA:3781,0
DA:3784,0
DA:3785,0
DA:3787,0
DA:3791,0
DA:3792,0
DA:3793,0
DA:3795,0
DA:3798,0
DA:3799,0
DA:3801,0
DA:3807,0
DA:3808,0
DA:3809,0
DA:3810,0
DA:3811,0
DA:3813,0
DA:3816,0
DA:3817,0
DA:3819,0
DA:3823,0
DA:3824,0
DA:3825,0
DA:3827,0
DA:3830,0
DA:3831,0
DA:3833,0
DA:3838,0
DA:3839,0
DA:3840,0
DA:3841,0
DA:3843,0
DA:3846,0
DA:3847,0
DA:3849,0
DA:3853,0
DA:3854,0
DA:3855,0
DA:3857,0
DA:3860,0
DA:3861,0
DA:3863,0
DA:3869,0
DA:3870,0
DA:3871,0
DA:3872,0
DA:3873,0
DA:3875,0
DA:3878,0
DA:3879,0
DA:3881,0
DA:3885,0
DA:3886,0
DA:3887,0
DA:3889,0
DA:3892,0
DA:3893,0
DA:3895,0
DA:3900,0
DA:3901,0
DA:3902,0
DA:3903,0
DA:3905,0
DA:3908,0
DA:3909,0
DA:3911,0
DA:3915,0
DA:3916,0
DA:3917,0
DA:3919,0
DA:3922,0
DA:3923,0
DA:3925,0
DA:3931,0
DA:3932,0
DA:3933,0
DA:3934,0
DA:3935,0
DA:3937,0
DA:3940,0
DA:3941,0
DA:3943,0
DA:3947,0
DA:3948,0
DA:3949,0
DA:3951,0
DA:3954,0
DA:3955,0
DA:3957,0
DA:3962,0
DA:3963,0
DA:3964,0
DA:3965,0
DA:3967,0
DA:3970,0
DA:3971,0
DA:3973,0
DA:3977,0
DA:3978,0
DA:3979,0
DA:3981,0
DA:3984,0
DA:3985,0
DA:3987,0
DA:3993,0
DA:3994,0
DA:3995,0
DA:3996,0
DA:3997,0
DA:3999,0
DA:4002,0
DA:4003,0
DA:4005,0
DA:4009,0
DA:4010,0
DA:4011,0
DA:4013,0
DA:4016,0
DA:4017,0
DA:4019,0
DA:4024,0
DA:4025,0
DA:4026,0
DA:4027,0
DA:4029,0
DA:4032,0
DA:4033,0
DA:4035,0
DA:4039,0
DA:4040,0
DA:4041,0
DA:4043,0
DA:4046,0
DA:4047,0
DA:4049,0
DA:4055,0
DA:4056,0
DA:4057,0
DA:4058,0
DA:4059,0
DA:4061,0
DA:4064,0
DA:4065,0
DA:4067,0
DA:4071,0
DA:4072,0
DA:4073,0
DA:4075,0
DA:4078,0
DA:4079,0
DA:4081,0
DA:4086,0
DA:4087,0
DA:4088,0
DA:4089,0
DA:4091,0
DA:4094,0
DA:4095,0
DA:4097,0
DA:4101,0
DA:4102,0
DA:4103,0
DA:4105,0
DA:4108,0
DA:4109,0
DA:4111,0
DA:4117,0
DA:4118,0
DA:4119,0
DA:4120,0
DA:4121,0
DA:4123,0
DA:4126,0
DA:4127,0
DA:4129,0
DA:4133,0
DA:4134,0
DA:4135,0
DA:4137,0
DA:4140,0
DA:4141,0
DA:4143,0
DA:4148,0
DA:4149,0
DA:4150,0
DA:4151,0
DA:4153,0
DA:4156,0
DA:4157,0
DA:4159,0
DA:4163,0
DA:4164,0
DA:4165,0
DA:4167,0
DA:4170,0
DA:4171,0
DA:4173,0
DA:4179,0
DA:4180,0
DA:4181,0
DA:4182,0
DA:4183,0
DA:4185,0
DA:4188,0
DA:4189,0
DA:4191,0
DA:4195,0
DA:4196,0
DA:4197,0
DA:4199,0
DA:4202,0
DA:4203,0
DA:4205,0
DA:4210,0
DA:4211,0
DA:4212,0
DA:4213,0
DA:4215,0
DA:4218,0
DA:4219,0
DA:4221,0
DA:4225,0
DA:4226,0
DA:4227,0
DA:4229,0
DA:4232,0
DA:4233,0
DA:4235,0
DA:4241,0
DA:4242,0
DA:4243,0
DA:4244,0
DA:4245,0
DA:4247,0
DA:4250,0
DA:4251,0
DA:4253,0
DA:4257,0
DA:4258,0
DA:4259,0
DA:4261,0
DA:4264,0
DA:4265,0
DA:4267,0
DA:4272,0
DA:4273,0
DA:4274,0
DA:4275,0
DA:4277,0
DA:4280,0
DA:4281,0
DA:4283,0
DA:4287,0
DA:4288,0
DA:4289,0
DA:4291,0
DA:4294,0
DA:4295,0
DA:4297,0
DA:4303,0
DA:4304,0
DA:4305,0
DA:4306,0
DA:4307,0
DA:4309,0
DA:4312,0
DA:4313,0
DA:4315,0
DA:4319,0
DA:4320,0
DA:4321,0
DA:4323,0
DA:4326,0
DA:4327,0
DA:4329,0
DA:4334,0
DA:4335,0
DA:4336,0
DA:4337,0
DA:4339,0
DA:4342,0
DA:4343,0
DA:4345,0
DA:4349,0
DA:4350,0
DA:4351,0
DA:4353,0
DA:4356,0
DA:4357,0
DA:4359,0
DA:4365,0
DA:4366,0
DA:4367,0
DA:4368,0
DA:4369,0
DA:4371,0
DA:4374,0
DA:4375,0
DA:4377,0
DA:4381,0
DA:4382,0
DA:4383,0
DA:4385,0
DA:4388,0
DA:4389,0
DA:4391,0
DA:4396,0
DA:4397,0
DA:4398,0
DA:4399,0
DA:4401,0
DA:4404,0
DA:4405,0
DA:4407,0
DA:4411,0
DA:4412,0
DA:4413,0
DA:4415,0
DA:4418,0
DA:4419,0
DA:4421,0
DA:4427,0
DA:4428,0
DA:4429,0
DA:4430,0
DA:4431,0
DA:4433,0
DA:4436,0
DA:4437,0
DA:4439,0
DA:4443,0
DA:4444,0
DA:4445,0
DA:4447,0
DA:4450,0
DA:4451,0
DA:4453,0
DA:4458,0
DA:4459,0
DA:4460,0
DA:4461,0
DA:4463,0
DA:4466,0
DA:4467,0
DA:4469,0
DA:4473,0
DA:4474,0
DA:4475,0
DA:4477,0
DA:4480,0
DA:4481,0
DA:4483,0
DA:4489,0
DA:4490,0
DA:4491,0
DA:4492,0
DA:4493,0
DA:4495,0
DA:4498,0
DA:4499,0
DA:4501,0
DA:4505,0
DA:4506,0
DA:4507,0
DA:4509,0
DA:4512,0
DA:4513,0
DA:4515,0
DA:4520,0
DA:4521,0
DA:4522,0
DA:4523,0
DA:4525,0
DA:4528,0
DA:4529,0
DA:4531,0
DA:4535,0
DA:4536,0
DA:4537,0
DA:4539,0
DA:4542,0
DA:4543,0
DA:4545,0
DA:4551,0
DA:4552,0
DA:4553,0
DA:4554,0
DA:4555,0
DA:4557,0
DA:4560,0
DA:4561,0
DA:4563,0
DA:4567,0
DA:4568,0
DA:4569,0
DA:4571,0
DA:4574,0
DA:4575,0
DA:4577,0
DA:4582,0
DA:4583,0
DA:4584,0
DA:4585,0
DA:4587,0
DA:4590,0
DA:4591,0
DA:4593,0
DA:4597,0
DA:4598,0
DA:4599,0
DA:4601,0
DA:4604,0
DA:4605,0
DA:4607,0
DA:4613,0
DA:4614,0
DA:4615,0
DA:4616,0
DA:4617,0
DA:4619,0
DA:4622,0
DA:4623,0
DA:4625,0
DA:4629,0
DA:4630,0
DA:4631,0
DA:4633,0
DA:4636,0
DA:4637,0
DA:4639,0
DA:4644,0
DA:4645,0
DA:4646,0
DA:4647,0
DA:4649,0
DA:4652,0
DA:4653,0
DA:4655,0
DA:4659,0
DA:4660,0
DA:4661,0
DA:4663,0
DA:4666,0
DA:4667,0
DA:4669,0
DA:4675,0
DA:4676,0
DA:4677,0
DA:4678,0
DA:4679,0
DA:4681,0
DA:4684,0
DA:4685,0
DA:4687,0
DA:4691,0
DA:4692,0
DA:4693,0
DA:4695,0
DA:4698,0
DA:4699,0
DA:4701,0
DA:4706,0
DA:4707,0
DA:4708,0
DA:4709,0
DA:4711,0
DA:4714,0
DA:4715,0
DA:4717,0
DA:4721,0
DA:4722,0
DA:4723,0
DA:4725,0
DA:4728,0
DA:4729,0
DA:4731,0
DA:4737,0
DA:4738,0
DA:4739,0
DA:4740,0
DA:4741,0
DA:4743,0
DA:4746,0
DA:4747,0
DA:4749,0
DA:4753,0
DA:4754,0
DA:4755,0
DA:4757,0
DA:4760,0
DA:4761,0
DA:4763,0
DA:4768,0
DA:4769,0
DA:4770,0
DA:4771,0
DA:4773,0
DA:4776,0
DA:4777,0
DA:4779,0
DA:4783,0
DA:4784,0
DA:4785,0
DA:4787,0
DA:4790,0
DA:4791,0
DA:4793,0
DA:4799,0
DA:4800,0
DA:4801,0
DA:4802,0
DA:4803,0
DA:4805,0
DA:4808,0
DA:4809,0
DA:4811,0
DA:4815,0
DA:4816,0
DA:4817,0
DA:4819,0
DA:4822,0
DA:4823,0
DA:4825,0
DA:4830,0
DA:4831,0
DA:4832,0
DA:4833,0
DA:4835,0
DA:4838,0
DA:4839,0
DA:4841,0
DA:4845,0
DA:4846,0
DA:4847,0
DA:4849,0
DA:4852,0
DA:4853,0
DA:4855,0
DA:4861,0
DA:4862,0
DA:4863,0
DA:4864,0
DA:4865,0
DA:4867,0
DA:4870,0
DA:4871,0
DA:4873,0
DA:4877,0
DA:4878,0
DA:4879,0
DA:4881,0
DA:4884,0
DA:4885,0
DA:4887,0
DA:4892,0
DA:4893,0
DA:4894,0
DA:4895,0
DA:4897,0
DA:4900,0
DA:4901,0
DA:4903,0
DA:4907,0
DA:4908,0
DA:4909,0
DA:4911,0
DA:4914,0
DA:4915,0
DA:4917,0
DA:4923,0
DA:4924,0
DA:4925,0
DA:4926,0
DA:4927,0
DA:4929,0
DA:4932,0
DA:4933,0
DA:4935,0
DA:4939,0
DA:4940,0
DA:4941,0
DA:4943,0
DA:4946,0
DA:4950,0
DA:4951,0
DA:4952,0
DA:4953,0
DA:4955,0
DA:4958,0
DA:4959,0
DA:4961,0
DA:4965,0
DA:4966,0
DA:4967,0
DA:4969,0
DA:4972,0
DA:4973,0
DA:4975,0
DA:4981,0
DA:4982,0
DA:4983,0
DA:4984,0
DA:4985,0
DA:4987,0
DA:4990,0
DA:4991,0
DA:4993,0
DA:4997,0
DA:4998,0
DA:4999,0
DA:5001,0
DA:5004,0
DA:5008,0
DA:5009,0
DA:5010,0
DA:5011,0
DA:5013,0
DA:5016,0
DA:5017,0
DA:5019,0
DA:5023,0
DA:5024,0
DA:5025,0
DA:5027,0
DA:5030,0
DA:5031,0
DA:5033,0
DA:5039,0
DA:5040,0
DA:5041,0
DA:5042,0
DA:5043,0
DA:5045,0
DA:5048,0
DA:5049,0
DA:5051,0
DA:5055,0
DA:5056,0
DA:5057,0
DA:5059,0
DA:5062,0
DA:5063,0
DA:5065,0
DA:5070,0
DA:5071,0
DA:5072,0
DA:5073,0
DA:5075,0
DA:5078,0
DA:5079,0
DA:5081,0
DA:5085,0
DA:5086,0
DA:5087,0
DA:5089,0
DA:5092,0
DA:5093,0
DA:5095,0
DA:5101,0
DA:5102,0
DA:5103,0
DA:5104,0
DA:5105,0
DA:5107,0
DA:5110,0
DA:5111,0
DA:5113,0
DA:5117,0
DA:5118,0
DA:5119,0
DA:5121,0
DA:5124,0
DA:5125,0
DA:5127,0
DA:5132,0
DA:5133,0
DA:5134,0
DA:5135,0
DA:5137,0
DA:5140,0
DA:5141,0
DA:5143,0
DA:5147,0
DA:5148,0
DA:5149,0
DA:5151,0
DA:5154,0
DA:5155,0
DA:5157,0
DA:5163,0
DA:5164,0
DA:5165,0
DA:5166,0
DA:5167,0
DA:5169,0
DA:5172,0
DA:5173,0
DA:5175,0
DA:5179,0
DA:5180,0
DA:5181,0
DA:5183,0
DA:5186,0
DA:5187,0
DA:5189,0
DA:5194,0
DA:5195,0
DA:5196,0
DA:5197,0
DA:5199,0
DA:5202,0
DA:5203,0
DA:5205,0
DA:5209,0
DA:5210,0
DA:5211,0
DA:5213,0
DA:5216,0
DA:5217,0
DA:5219,0
DA:5225,0
DA:5226,0
DA:5227,0
DA:5228,0
DA:5229,0
DA:5231,0
DA:5234,0
DA:5235,0
DA:5237,0
DA:5241,0
DA:5242,0
DA:5243,0
DA:5245,0
DA:5248,0
DA:5249,0
DA:5251,0
DA:5256,0
DA:5257,0
DA:5258,0
DA:5259,0
DA:5261,0
DA:5264,0
DA:5265,0
DA:5267,0
DA:5271,0
DA:5272,0
DA:5273,0
DA:5275,0
DA:5278,0
DA:5279,0
DA:5281,0
DA:5287,0
DA:5288,0
DA:5289,0
DA:5290,0
DA:5291,0
DA:5293,0
DA:5296,0
DA:5297,0
DA:5299,0
DA:5303,0
DA:5304,0
DA:5305,0
DA:5307,0
DA:5310,0
DA:5314,0
DA:5315,0
DA:5316,0
DA:5317,0
DA:5319,0
DA:5322,0
DA:5323,0
DA:5325,0
DA:5329,0
DA:5330,0
DA:5331,0
DA:5333,0
DA:5336,0
DA:5337,0
DA:5339,0
DA:5345,0
DA:5346,0
DA:5347,0
DA:5348,0
DA:5349,0
DA:5351,0
DA:5354,0
DA:5355,0
DA:5357,0
DA:5361,0
DA:5362,0
DA:5363,0
DA:5365,0
DA:5368,0
DA:5369,0
DA:5371,0
DA:5376,0
DA:5377,0
DA:5378,0
DA:5379,0
DA:5381,0
DA:5384,0
DA:5385,0
DA:5387,0
DA:5391,0
DA:5392,0
DA:5393,0
DA:5395,0
DA:5398,0
DA:5399,0
DA:5401,0
DA:5407,0
DA:5408,0
DA:5409,0
DA:5410,0
DA:5411,0
DA:5413,0
DA:5416,0
DA:5417,0
DA:5419,0
DA:5423,0
DA:5424,0
DA:5425,0
DA:5427,0
DA:5430,0
DA:5431,0
DA:5433,0
DA:5438,0
DA:5439,0
DA:5440,0
DA:5441,0
DA:5443,0
DA:5446,0
DA:5447,0
DA:5449,0
DA:5453,0
DA:5454,0
DA:5455,0
DA:5457,0
DA:5460,0
DA:5461,0
DA:5463,0
DA:5469,0
DA:5470,0
DA:5471,0
DA:5472,0
DA:5473,0
DA:5475,0
DA:5478,0
DA:5479,0
DA:5481,0
DA:5485,0
DA:5486,0
DA:5487,0
DA:5489,0
DA:5492,0
DA:5493,0
DA:5495,0
DA:5500,0
DA:5501,0
DA:5502,0
DA:5503,0
DA:5505,0
DA:5508,0
DA:5509,0
DA:5511,0
DA:5515,0
DA:5516,0
DA:5517,0
DA:5519,0
DA:5522,0
DA:5523,0
DA:5525,0
DA:5531,0
DA:5532,0
DA:5533,0
DA:5534,0
DA:5535,0
DA:5537,0
DA:5540,0
DA:5541,0
DA:5543,0
DA:5547,0
DA:5548,0
DA:5549,0
DA:5551,0
DA:5554,0
DA:5555,0
DA:5557,0
DA:5562,0
DA:5563,0
DA:5564,0
DA:5565,0
DA:5567,0
DA:5570,0
DA:5571,0
DA:5573,0
DA:5577,0
DA:5578,0
DA:5579,0
DA:5581,0
DA:5584,0
DA:5585,0
DA:5587,0
DA:5593,0
DA:5594,0
DA:5595,0
DA:5596,0
DA:5597,0
DA:5599,0
DA:5602,0
DA:5603,0
DA:5605,0
DA:5609,0
DA:5610,0
DA:5611,0
DA:5613,0
DA:5616,0
DA:5617,0
DA:5619,0
DA:5624,0
DA:5625,0
DA:5626,0
DA:5627,0
DA:5629,0
DA:5632,0
DA:5633,0
DA:5635,0
DA:5639,0
DA:5640,0
DA:5642,0
DA:5643,0
DA:5645,0
DA:5651,0
DA:5652,0
DA:5653,0
DA:5654,0
DA:5655,0
DA:5657,0
DA:5660,0
DA:5661,0
DA:5663,0
DA:5667,0
DA:5668,0
DA:5669,0
DA:5671,0
DA:5674,0
DA:5675,0
DA:5677,0
DA:5682,0
DA:5683,0
DA:5684,0
DA:5685,0
DA:5687,0
DA:5690,0
DA:5691,0
DA:5693,0
DA:5697,0
DA:5698,0
DA:5699,0
DA:5701,0
DA:5704,0
DA:5705,0
DA:5707,0
DA:5713,0
DA:5714,0
DA:5715,0
DA:5716,0
DA:5717,0
DA:5719,0
DA:5722,0
DA:5723,0
DA:5725,0
DA:5729,0
DA:5730,0
DA:5731,0
DA:5733,0
DA:5736,0
DA:5737,0
DA:5739,0
DA:5744,0
DA:5745,0
DA:5746,0
DA:5747,0
DA:5749,0
DA:5752,0
DA:5753,0
DA:5755,0
DA:5759,0
DA:5760,0
DA:5761,0
DA:5763,0
DA:5766,0
DA:5767,0
DA:5769,0
DA:5775,0
DA:5776,0
DA:5777,0
DA:5778,0
DA:5779,0
DA:5781,0
DA:5784,0
DA:5785,0
DA:5787,0
DA:5791,0
DA:5792,0
DA:5793,0
DA:5795,0
DA:5798,0
DA:5799,0
DA:5801,0
DA:5806,0
DA:5807,0
DA:5808,0
DA:5809,0
DA:5811,0
DA:5814,0
DA:5815,0
DA:5817,0
DA:5821,0
DA:5822,0
DA:5823,0
DA:5825,0
DA:5828,0
DA:5829,0
DA:5831,0
DA:5837,0
DA:5838,0
DA:5839,0
DA:5840,0
DA:5841,0
DA:5843,0
DA:5846,0
DA:5847,0
DA:5849,0
DA:5853,0
DA:5854,0
DA:5855,0
DA:5857,0
DA:5860,0
DA:5861,0
DA:5863,0
DA:5868,0
DA:5869,0
DA:5870,0
DA:5871,0
DA:5873,0
DA:5876,0
DA:5877,0
DA:5879,0
DA:5883,0
DA:5884,0
DA:5885,0
DA:5887,0
DA:5890,0
DA:5891,0
DA:5893,0
DA:5899,0
DA:5900,0
DA:5901,0
DA:5902,0
DA:5903,0
DA:5905,0
DA:5908,0
DA:5909,0
DA:5911,0
DA:5915,0
DA:5916,0
DA:5917,0
DA:5919,0
DA:5922,0
DA:5923,0
DA:5925,0
DA:5930,0
DA:5931,0
DA:5932,0
DA:5933,0
DA:5935,0
DA:5938,0
DA:5939,0
DA:5941,0
DA:5945,0
DA:5946,0
DA:5947,0
DA:5949,0
DA:5952,0
DA:5953,0
DA:5955,0
DA:5961,0
DA:5962,0
DA:5963,0
DA:5964,0
DA:5965,0
DA:5967,0
DA:5970,0
DA:5971,0
DA:5973,0
DA:5977,0
DA:5978,0
DA:5979,0
DA:5981,0
DA:5984,0
DA:5985,0
DA:5987,0
DA:5992,0
DA:5993,0
DA:5994,0
DA:5995,0
DA:5997,0
DA:6000,0
DA:6001,0
DA:6003,0
DA:6007,0
DA:6008,0
DA:6009,0
DA:6011,0
DA:6014,0
DA:6015,0
DA:6017,0
DA:6023,0
DA:6024,0
DA:6025,0
DA:6026,0
DA:6027,0
DA:6029,0
DA:6032,0
DA:6033,0
DA:6035,0
DA:6039,0
DA:6040,0
DA:6041,0
DA:6043,0
DA:6046,0
DA:6047,0
DA:6049,0
DA:6054,0
DA:6055,0
DA:6056,0
DA:6057,0
DA:6059,0
DA:6062,0
DA:6063,0
DA:6065,0
DA:6069,0
DA:6070,0
DA:6071,0
DA:6073,0
DA:6076,0
DA:6077,0
DA:6079,0
DA:6085,0
DA:6086,0
DA:6087,0
DA:6088,0
DA:6089,0
DA:6091,0
DA:6094,0
DA:6095,0
DA:6097,0
DA:6101,0
DA:6102,0
DA:6103,0
DA:6105,0
DA:6108,0
DA:6109,0
DA:6111,0
DA:6116,0
DA:6117,0
DA:6118,0
DA:6119,0
DA:6121,0
DA:6124,0
DA:6125,0
DA:6127,0
DA:6131,0
DA:6132,0
DA:6133,0
DA:6135,0
DA:6138,0
DA:6139,0
DA:6141,0
DA:6146,0
DA:6149,3
LF:3074
LH:1
BRDA:3,0,0,0
BRDA:3,0,1,0
BRDA:4,1,0,0
BRDA:4,1,1,0
BRDA:5,2,0,0
BRDA:5,2,1,0
BRDA:6,3,0,0
BRDA:6,3,1,0
BRDA:12,4,0,0
BRDA:12,4,1,0
BRDA:19,5,0,0
BRDA:19,5,1,0
BRDA:20,6,0,0
BRDA:20,6,1,0
BRDA:30,7,0,0
BRDA:30,7,1,0
BRDA:31,8,0,0
BRDA:31,8,1,0
BRDA:32,9,0,0
BRDA:32,9,1,0
BRDA:38,10,0,0
BRDA:38,10,1,0
BRDA:45,11,0,0
BRDA:45,11,1,0
BRDA:46,12,0,0
BRDA:46,12,1,0
BRDA:52,13,0,0
BRDA:52,13,1,0
BRDA:61,14,0,0
BRDA:61,14,1,0
BRDA:62,15,0,0
BRDA:62,15,1,0
BRDA:63,16,0,0
BRDA:63,16,1,0
BRDA:64,17,0,0
BRDA:64,17,1,0
BRDA:70,18,0,0
BRDA:70,18,1,0
BRDA:77,19,0,0
BRDA:77,19,1,0
BRDA:78,20,0,0
BRDA:78,20,1,0
BRDA:88,21,0,0
BRDA:88,21,1,0
BRDA:89,22,0,0
BRDA:89,22,1,0
BRDA:90,23,0,0
BRDA:90,23,1,0
BRDA:96,24,0,0
BRDA:96,24,1,0
BRDA:103,25,0,0
BRDA:103,25,1,0
BRDA:104,26,0,0
BRDA:104,26,1,0
BRDA:110,27,0,0
BRDA:110,27,1,0
BRDA:119,28,0,0
BRDA:119,28,1,0
BRDA:120,29,0,0
BRDA:120,29,1,0
BRDA:121,30,0,0
BRDA:121,30,1,0
BRDA:122,31,0,0
BRDA:122,31,1,0
BRDA:128,32,0,0
BRDA:128,32,1,0
BRDA:135,33,0,0
BRDA:135,33,1,0
BRDA:136,34,0,0
BRDA:136,34,1,0
BRDA:142,35,0,0
BRDA:142,35,1,0
BRDA:150,36,0,0
BRDA:150,36,1,0
BRDA:151,37,0,0
BRDA:151,37,1,0
BRDA:152,38,0,0
BRDA:152,38,1,0
BRDA:158,39,0,0
BRDA:158,39,1,0
BRDA:165,40,0,0
BRDA:165,40,1,0
BRDA:166,41,0,0
BRDA:166,41,1,0
BRDA:172,42,0,0
BRDA:172,42,1,0
BRDA:181,43,0,0
BRDA:181,43,1,0
BRDA:182,44,0,0
BRDA:182,44,1,0
BRDA:183,45,0,0
BRDA:183,45,1,0
BRDA:184,46,0,0
BRDA:184,46,1,0
BRDA:190,47,0,0
BRDA:190,47,1,0
BRDA:197,48,0,0
BRDA:197,48,1,0
BRDA:198,49,0,0
BRDA:198,49,1,0
BRDA:204,50,0,0
BRDA:204,50,1,0
BRDA:212,51,0,0
BRDA:212,51,1,0
BRDA:213,52,0,0
BRDA:213,52,1,0
BRDA:214,53,0,0
BRDA:214,53,1,0
BRDA:220,54,0,0
BRDA:220,54,1,0
BRDA:227,55,0,0
BRDA:227,55,1,0
BRDA:228,56,0,0
BRDA:228,56,1,0
BRDA:234,57,0,0
BRDA:234,57,1,0
BRDA:243,58,0,0
BRDA:243,58,1,0
BRDA:244,59,0,0
BRDA:244,59,1,0
BRDA:245,60,0,0
BRDA:245,60,1,0
BRDA:246,61,0,0
BRDA:246,61,1,0
BRDA:252,62,0,0
BRDA:252,62,1,0
BRDA:259,63,0,0
BRDA:259,63,1,0
BRDA:260,64,0,0
BRDA:260,64,1,0
BRDA:266,65,0,0
BRDA:266,65,1,0
BRDA:274,66,0,0
BRDA:274,66,1,0
BRDA:275,67,0,0
BRDA:275,67,1,0
BRDA:276,68,0,0
BRDA:276,68,1,0
BRDA:282,69,0,0
BRDA:282,69,1,0
BRDA:289,70,0,0
BRDA:289,70,1,0
BRDA:290,71,0,0
BRDA:290,71,1,0
BRDA:296,72,0,0
BRDA:296,72,1,0
BRDA:305,73,0,0
BRDA:305,73,1,0
BRDA:306,74,0,0
BRDA:306,74,1,0
BRDA:307,75,0,0
BRDA:307,75,1,0
BRDA:308,76,0,0
BRDA:308,76,1,0
BRDA:314,77,0,0
BRDA:314,77,1,0
BRDA:321,78,0,0
BRDA:321,78,1,0
BRDA:322,79,0,0
BRDA:322,79,1,0
BRDA:328,80,0,0
BRDA:328,80,1,0
BRDA:336,81,0,0
BRDA:336,81,1,0
BRDA:337,82,0,0
BRDA:337,82,1,0
BRDA:338,83,0,0
BRDA:338,83,1,0
BRDA:344,84,0,0
BRDA:344,84,1,0
BRDA:351,85,0,0
BRDA:351,85,1,0
BRDA:352,86,0,0
BRDA:352,86,1,0
BRDA:358,87,0,0
BRDA:358,87,1,0
BRDA:367,88,0,0
BRDA:367,88,1,0
BRDA:368,89,0,0
BRDA:368,89,1,0
BRDA:369,90,0,0
BRDA:369,90,1,0
BRDA:370,91,0,0
BRDA:370,91,1,0
BRDA:376,92,0,0
BRDA:376,92,1,0
BRDA:383,93,0,0
BRDA:383,93,1,0
BRDA:384,94,0,0
BRDA:384,94,1,0
BRDA:390,95,0,0
BRDA:390,95,1,0
BRDA:398,96,0,0
BRDA:398,96,1,0
BRDA:399,97,0,0
BRDA:399,97,1,0
BRDA:400,98,0,0
BRDA:400,98,1,0
BRDA:406,99,0,0
BRDA:406,99,1,0
BRDA:413,100,0,0
BRDA:413,100,1,0
BRDA:414,101,0,0
BRDA:414,101,1,0
BRDA:420,102,0,0
BRDA:420,102,1,0
BRDA:429,103,0,0
BRDA:429,103,1,0
BRDA:430,104,0,0
BRDA:430,104,1,0
BRDA:431,105,0,0
BRDA:431,105,1,0
BRDA:432,106,0,0
BRDA:432,106,1,0
BRDA:438,107,0,0
BRDA:438,107,1,0
BRDA:445,108,0,0
BRDA:445,108,1,0
BRDA:446,109,0,0
BRDA:446,109,1,0
BRDA:452,110,0,0
BRDA:452,110,1,0
BRDA:460,111,0,0
BRDA:460,111,1,0
BRDA:461,112,0,0
BRDA:461,112,1,0
BRDA:462,113,0,0
BRDA:462,113,1,0
BRDA:468,114,0,0
BRDA:468,114,1,0
BRDA:475,115,0,0
BRDA:475,115,1,0
BRDA:476,116,0,0
BRDA:476,116,1,0
BRDA:482,117,0,0
BRDA:482,117,1,0
BRDA:491,118,0,0
BRDA:491,118,1,0
BRDA:492,119,0,0
BRDA:492,119,1,0
BRDA:493,120,0,0
BRDA:493,120,1,0
BRDA:494,121,0,0
BRDA:494,121,1,0
BRDA:500,122,0,0
BRDA:500,122,1,0
BRDA:507,123,0,0
BRDA:507,123,1,0
BRDA:508,124,0,0
BRDA:508,124,1,0
BRDA:514,125,0,0
BRDA:514,125,1,0
BRDA:522,126,0,0
BRDA:522,126,1,0
BRDA:523,127,0,0
BRDA:523,127,1,0
BRDA:524,128,0,0
BRDA:524,128,1,0
BRDA:530,129,0,0
BRDA:530,129,1,0
BRDA:537,130,0,0
BRDA:537,130,1,0
BRDA:538,131,0,0
BRDA:538,131,1,0
BRDA:544,132,0,0
BRDA:544,132,1,0
BRDA:553,133,0,0
BRDA:553,133,1,0
BRDA:554,134,0,0
BRDA:554,134,1,0
BRDA:555,135,0,0
BRDA:555,135,1,0
BRDA:556,136,0,0
BRDA:556,136,1,0
BRDA:562,137,0,0
BRDA:562,137,1,0
BRDA:569,138,0,0
BRDA:569,138,1,0
BRDA:570,139,0,0
BRDA:570,139,1,0
BRDA:576,140,0,0
BRDA:576,140,1,0
BRDA:584,141,0,0
BRDA:584,141,1,0
BRDA:585,142,0,0
BRDA:585,142,1,0
BRDA:586,143,0,0
BRDA:586,143,1,0
BRDA:592,144,0,0
BRDA:592,144,1,0
BRDA:599,145,0,0
BRDA:599,145,1,0
BRDA:600,146,0,0
BRDA:600,146,1,0
BRDA:606,147,0,0
BRDA:606,147,1,0
BRDA:615,148,0,0
BRDA:615,148,1,0
BRDA:616,149,0,0
BRDA:616,149,1,0
BRDA:617,150,0,0
BRDA:617,150,1,0
BRDA:618,151,0,0
BRDA:618,151,1,0
BRDA:624,152,0,0
BRDA:624,152,1,0
BRDA:631,153,0,0
BRDA:631,153,1,0
BRDA:632,154,0,0
BRDA:632,154,1,0
BRDA:638,155,0,0
BRDA:638,155,1,0
BRDA:646,156,0,0
BRDA:646,156,1,0
BRDA:647,157,0,0
BRDA:647,157,1,0
BRDA:648,158,0,0
BRDA:648,158,1,0
BRDA:654,159,0,0
BRDA:654,159,1,0
BRDA:661,160,0,0
BRDA:661,160,1,0
BRDA:662,161,0,0
BRDA:662,161,1,0
BRDA:668,162,0,0
BRDA:668,162,1,0
BRDA:677,163,0,0
BRDA:677,163,1,0
BRDA:678,164,0,0
BRDA:678,164,1,0
BRDA:679,165,0,0
BRDA:679,165,1,0
BRDA:680,166,0,0
BRDA:680,166,1,0
BRDA:686,167,0,0
BRDA:686,167,1,0
BRDA:693,168,0,0
BRDA:693,168,1,0
BRDA:694,169,0,0
BRDA:694,169,1,0
BRDA:700,170,0,0
BRDA:700,170,1,0
BRDA:708,171,0,0
BRDA:708,171,1,0
BRDA:709,172,0,0
BRDA:709,172,1,0
BRDA:710,173,0,0
BRDA:710,173,1,0
BRDA:716,174,0,0
BRDA:716,174,1,0
BRDA:723,175,0,0
BRDA:723,175,1,0
BRDA:724,176,0,0
BRDA:724,176,1,0
BRDA:730,177,0,0
BRDA:730,177,1,0
BRDA:739,178,0,0
BRDA:739,178,1,0
BRDA:740,179,0,0
BRDA:740,179,1,0
BRDA:741,180,0,0
BRDA:741,180,1,0
BRDA:742,181,0,0
BRDA:742,181,1,0
BRDA:748,182,0,0
BRDA:748,182,1,0
BRDA:755,183,0,0
BRDA:755,183,1,0
BRDA:756,184,0,0
BRDA:756,184,1,0
BRDA:762,185,0,0
BRDA:762,185,1,0
BRDA:770,186,0,0
BRDA:770,186,1,0
BRDA:771,187,0,0
BRDA:771,187,1,0
BRDA:772,188,0,0
BRDA:772,188,1,0
BRDA:778,189,0,0
BRDA:778,189,1,0
BRDA:785,190,0,0
BRDA:785,190,1,0
BRDA:786,191,0,0
BRDA:786,191,1,0
BRDA:792,192,0,0
BRDA:792,192,1,0
BRDA:801,193,0,0
BRDA:801,193,1,0
BRDA:802,194,0,0
BRDA:802,194,1,0
BRDA:803,195,0,0
BRDA:803,195,1,0
BRDA:804,196,0,0
BRDA:804,196,1,0
BRDA:810,197,0,0
BRDA:810,197,1,0
BRDA:817,198,0,0
BRDA:817,198,1,0
BRDA:818,199,0,0
BRDA:818,199,1,0
BRDA:824,200,0,0
BRDA:824,200,1,0
BRDA:832,201,0,0
BRDA:832,201,1,0
BRDA:833,202,0,0
BRDA:833,202,1,0
BRDA:834,203,0,0
BRDA:834,203,1,0
BRDA:840,204,0,0
BRDA:840,204,1,0
BRDA:847,205,0,0
BRDA:847,205,1,0
BRDA:848,206,0,0
BRDA:848,206,1,0
BRDA:854,207,0,0
BRDA:854,207,1,0
BRDA:863,208,0,0
BRDA:863,208,1,0
BRDA:864,209,0,0
BRDA:864,209,1,0
BRDA:865,210,0,0
BRDA:865,210,1,0
BRDA:866,211,0,0
BRDA:866,211,1,0
BRDA:872,212,0,0
BRDA:872,212,1,0
BRDA:879,213,0,0
BRDA:879,213,1,0
BRDA:880,214,0,0
BRDA:880,214,1,0
BRDA:886,215,0,0
BRDA:886,215,1,0
BRDA:894,216,0,0
BRDA:894,216,1,0
BRDA:895,217,0,0
BRDA:895,217,1,0
BRDA:896,218,0,0
BRDA:896,218,1,0
BRDA:902,219,0,0
BRDA:902,219,1,0
BRDA:909,220,0,0
BRDA:909,220,1,0
BRDA:910,221,0,0
BRDA:910,221,1,0
BRDA:916,222,0,0
BRDA:916,222,1,0
BRDA:925,223,0,0
BRDA:925,223,1,0
BRDA:926,224,0,0
BRDA:926,224,1,0
BRDA:927,225,0,0
BRDA:927,225,1,0
BRDA:928,226,0,0
BRDA:928,226,1,0
BRDA:934,227,0,0
BRDA:934,227,1,0
BRDA:941,228,0,0
BRDA:941,228,1,0
BRDA:942,229,0,0
BRDA:942,229,1,0
BRDA:948,230,0,0
BRDA:948,230,1,0
BRDA:956,231,0,0
BRDA:956,231,1,0
BRDA:957,232,0,0
BRDA:957,232,1,0
BRDA:958,233,0,0
BRDA:958,233,1,0
BRDA:964,234,0,0
BRDA:964,234,1,0
BRDA:971,235,0,0
BRDA:971,235,1,0
BRDA:972,236,0,0
BRDA:972,236,1,0
BRDA:978,237,0,0
BRDA:978,237,1,0
BRDA:987,238,0,0
BRDA:987,238,1,0
BRDA:988,239,0,0
BRDA:988,239,1,0
BRDA:989,240,0,0
BRDA:989,240,1,0
BRDA:990,241,0,0
BRDA:990,241,1,0
BRDA:996,242,0,0
BRDA:996,242,1,0
BRDA:1003,243,0,0
BRDA:1003,243,1,0
BRDA:1004,244,0,0
BRDA:1004,244,1,0
BRDA:1014,245,0,0
BRDA:1014,245,1,0
BRDA:1015,246,0,0
BRDA:1015,246,1,0
BRDA:1016,247,0,0
BRDA:1016,247,1,0
BRDA:1022,248,0,0
BRDA:1022,248,1,0
BRDA:1029,249,0,0
BRDA:1029,249,1,0
BRDA:1030,250,0,0
BRDA:1030,250,1,0
BRDA:1036,251,0,0
BRDA:1036,251,1,0
BRDA:1045,252,0,0
BRDA:1045,252,1,0
BRDA:1046,253,0,0
BRDA:1046,253,1,0
BRDA:1047,254,0,0
BRDA:1047,254,1,0
BRDA:1048,255,0,0
BRDA:1048,255,1,0
BRDA:1054,256,0,0
BRDA:1054,256,1,0
BRDA:1061,257,0,0
BRDA:1061,257,1,0
BRDA:1062,258,0,0
BRDA:1062,258,1,0
BRDA:1068,259,0,0
BRDA:1068,259,1,0
BRDA:1076,260,0,0
BRDA:1076,260,1,0
BRDA:1077,261,0,0
BRDA:1077,261,1,0
BRDA:1078,262,0,0
BRDA:1078,262,1,0
BRDA:1084,263,0,0
BRDA:1084,263,1,0
BRDA:1091,264,0,0
BRDA:1091,264,1,0
BRDA:1092,265,0,0
BRDA:1092,265,1,0
BRDA:1098,266,0,0
BRDA:1098,266,1,0
BRDA:1107,267,0,0
BRDA:1107,267,1,0
BRDA:1108,268,0,0
BRDA:1108,268,1,0
BRDA:1109,269,0,0
BRDA:1109,269,1,0
BRDA:1110,270,0,0
BRDA:1110,270,1,0
BRDA:1116,271,0,0
BRDA:1116,271,1,0
BRDA:1123,272,0,0
BRDA:1123,272,1,0
BRDA:1124,273,0,0
BRDA:1124,273,1,0
BRDA:1130,274,0,0
BRDA:1130,274,1,0
BRDA:1138,275,0,0
BRDA:1138,275,1,0
BRDA:1139,276,0,0
BRDA:1139,276,1,0
BRDA:1140,277,0,0
BRDA:1140,277,1,0
BRDA:1146,278,0,0
BRDA:1146,278,1,0
BRDA:1153,279,0,0
BRDA:1153,279,1,0
BRDA:1154,280,0,0
BRDA:1154,280,1,0
BRDA:1160,281,0,0
BRDA:1160,281,1,0
BRDA:1169,282,0,0
BRDA:1169,282,1,0
BRDA:1170,283,0,0
BRDA:1170,283,1,0
BRDA:1171,284,0,0
BRDA:1171,284,1,0
BRDA:1172,285,0,0
BRDA:1172,285,1,0
BRDA:1178,286,0,0
BRDA:1178,286,1,0
BRDA:1185,287,0,0
BRDA:1185,287,1,0
BRDA:1186,288,0,0
BRDA:1186,288,1,0
BRDA:1192,289,0,0
BRDA:1192,289,1,0
BRDA:1200,290,0,0
BRDA:1200,290,1,0
BRDA:1201,291,0,0
BRDA:1201,291,1,0
BRDA:1202,292,0,0
BRDA:1202,292,1,0
BRDA:1208,293,0,0
BRDA:1208,293,1,0
BRDA:1215,294,0,0
BRDA:1215,294,1,0
BRDA:1216,295,0,0
BRDA:1216,295,1,0
BRDA:1222,296,0,0
BRDA:1222,296,1,0
BRDA:1231,297,0,0
BRDA:1231,297,1,0
BRDA:1232,298,0,0
BRDA:1232,298,1,0
BRDA:1233,299,0,0
BRDA:1233,299,1,0
BRDA:1234,300,0,0
BRDA:1234,300,1,0
BRDA:1240,301,0,0
BRDA:1240,301,1,0
BRDA:1247,302,0,0
BRDA:1247,302,1,0
BRDA:1248,303,0,0
BRDA:1248,303,1,0
BRDA:1254,304,0,0
BRDA:1254,304,1,0
BRDA:1262,305,0,0
BRDA:1262,305,1,0
BRDA:1263,306,0,0
BRDA:1263,306,1,0
BRDA:1264,307,0,0
BRDA:1264,307,1,0
BRDA:1270,308,0,0
BRDA:1270,308,1,0
BRDA:1277,309,0,0
BRDA:1277,309,1,0
BRDA:1278,310,0,0
BRDA:1278,310,1,0
BRDA:1284,311,0,0
BRDA:1284,311,1,0
BRDA:1293,312,0,0
BRDA:1293,312,1,0
BRDA:1294,313,0,0
BRDA:1294,313,1,0
BRDA:1295,314,0,0
BRDA:1295,314,1,0
BRDA:1296,315,0,0
BRDA:1296,315,1,0
BRDA:1302,316,0,0
BRDA:1302,316,1,0
BRDA:1309,317,0,0
BRDA:1309,317,1,0
BRDA:1310,318,0,0
BRDA:1310,318,1,0
BRDA:1316,319,0,0
BRDA:1316,319,1,0
BRDA:1324,320,0,0
BRDA:1324,320,1,0
BRDA:1325,321,0,0
BRDA:1325,321,1,0
BRDA:1326,322,0,0
BRDA:1326,322,1,0
BRDA:1332,323,0,0
BRDA:1332,323,1,0
BRDA:1339,324,0,0
BRDA:1339,324,1,0
BRDA:1340,325,0,0
BRDA:1340,325,1,0
BRDA:1346,326,0,0
BRDA:1346,326,1,0
BRDA:1355,327,0,0
BRDA:1355,327,1,0
BRDA:1356,328,0,0
BRDA:1356,328,1,0
BRDA:1357,329,0,0
BRDA:1357,329,1,0
BRDA:1358,330,0,0
BRDA:1358,330,1,0
BRDA:1364,331,0,0
BRDA:1364,331,1,0
BRDA:1371,332,0,0
BRDA:1371,332,1,0
BRDA:1372,333,0,0
BRDA:1372,333,1,0
BRDA:1378,334,0,0
BRDA:1378,334,1,0
BRDA:1386,335,0,0
BRDA:1386,335,1,0
BRDA:1387,336,0,0
BRDA:1387,336,1,0
BRDA:1388,337,0,0
BRDA:1388,337,1,0
BRDA:1394,338,0,0
BRDA:1394,338,1,0
BRDA:1401,339,0,0
BRDA:1401,339,1,0
BRDA:1402,340,0,0
BRDA:1402,340,1,0
BRDA:1408,341,0,0
BRDA:1408,341,1,0
BRDA:1417,342,0,0
BRDA:1417,342,1,0
BRDA:1418,343,0,0
BRDA:1418,343,1,0
BRDA:1419,344,0,0
BRDA:1419,344,1,0
BRDA:1420,345,0,0
BRDA:1420,345,1,0
BRDA:1426,346,0,0
BRDA:1426,346,1,0
BRDA:1433,347,0,0
BRDA:1433,347,1,0
BRDA:1434,348,0,0
BRDA:1434,348,1,0
BRDA:1440,349,0,0
BRDA:1440,349,1,0
BRDA:1448,350,0,0
BRDA:1448,350,1,0
BRDA:1449,351,0,0
BRDA:1449,351,1,0
BRDA:1450,352,0,0
BRDA:1450,352,1,0
BRDA:1456,353,0,0
BRDA:1456,353,1,0
BRDA:1463,354,0,0
BRDA:1463,354,1,0
BRDA:1464,355,0,0
BRDA:1464,355,1,0
BRDA:1470,356,0,0
BRDA:1470,356,1,0
BRDA:1479,357,0,0
BRDA:1479,357,1,0
BRDA:1480,358,0,0
BRDA:1480,358,1,0
BRDA:1481,359,0,0
BRDA:1481,359,1,0
BRDA:1482,360,0,0
BRDA:1482,360,1,0
BRDA:1488,361,0,0
BRDA:1488,361,1,0
BRDA:1495,362,0,0
BRDA:1495,362,1,0
BRDA:1496,363,0,0
BRDA:1496,363,1,0
BRDA:1502,364,0,0
BRDA:1502,364,1,0
BRDA:1510,365,0,0
BRDA:1510,365,1,0
BRDA:1511,366,0,0
BRDA:1511,366,1,0
BRDA:1512,367,0,0
BRDA:1512,367,1,0
BRDA:1518,368,0,0
BRDA:1518,368,1,0
BRDA:1525,369,0,0
BRDA:1525,369,1,0
BRDA:1526,370,0,0
BRDA:1526,370,1,0
BRDA:1532,371,0,0
BRDA:1532,371,1,0
BRDA:1541,372,0,0
BRDA:1541,372,1,0
BRDA:1542,373,0,0
BRDA:1542,373,1,0
BRDA:1543,374,0,0
BRDA:1543,374,1,0
BRDA:1544,375,0,0
BRDA:1544,375,1,0
BRDA:1550,376,0,0
BRDA:1550,376,1,0
BRDA:1557,377,0,0
BRDA:1557,377,1,0
BRDA:1558,378,0,0
BRDA:1558,378,1,0
BRDA:1564,379,0,0
BRDA:1564,379,1,0
BRDA:1572,380,0,0
BRDA:1572,380,1,0
BRDA:1573,381,0,0
BRDA:1573,381,1,0
BRDA:1574,382,0,0
BRDA:1574,382,1,0
BRDA:1580,383,0,0
BRDA:1580,383,1,0
BRDA:1587,384,0,0
BRDA:1587,384,1,0
BRDA:1588,385,0,0
BRDA:1588,385,1,0
BRDA:1594,386,0,0
BRDA:1594,386,1,0
BRDA:1603,387,0,0
BRDA:1603,387,1,0
BRDA:1604,388,0,0
BRDA:1604,388,1,0
BRDA:1605,389,0,0
BRDA:1605,389,1,0
BRDA:1606,390,0,0
BRDA:1606,390,1,0
BRDA:1612,391,0,0
BRDA:1612,391,1,0
BRDA:1619,392,0,0
BRDA:1619,392,1,0
BRDA:1620,393,0,0
BRDA:1620,393,1,0
BRDA:1626,394,0,0
BRDA:1626,394,1,0
BRDA:1634,395,0,0
BRDA:1634,395,1,0
BRDA:1635,396,0,0
BRDA:1635,396,1,0
BRDA:1636,397,0,0
BRDA:1636,397,1,0
BRDA:1642,398,0,0
BRDA:1642,398,1,0
BRDA:1649,399,0,0
BRDA:1649,399,1,0
BRDA:1650,400,0,0
BRDA:1650,400,1,0
BRDA:1656,401,0,0
BRDA:1656,401,1,0
BRDA:1665,402,0,0
BRDA:1665,402,1,0
BRDA:1666,403,0,0
BRDA:1666,403,1,0
BRDA:1667,404,0,0
BRDA:1667,404,1,0
BRDA:1668,405,0,0
BRDA:1668,405,1,0
BRDA:1674,406,0,0
BRDA:1674,406,1,0
BRDA:1681,407,0,0
BRDA:1681,407,1,0
BRDA:1682,408,0,0
BRDA:1682,408,1,0
BRDA:1688,409,0,0
BRDA:1688,409,1,0
BRDA:1696,410,0,0
BRDA:1696,410,1,0
BRDA:1697,411,0,0
BRDA:1697,411,1,0
BRDA:1698,412,0,0
BRDA:1698,412,1,0
BRDA:1704,413,0,0
BRDA:1704,413,1,0
BRDA:1711,414,0,0
BRDA:1711,414,1,0
BRDA:1712,415,0,0
BRDA:1712,415,1,0
BRDA:1718,416,0,0
BRDA:1718,416,1,0
BRDA:1727,417,0,0
BRDA:1727,417,1,0
BRDA:1728,418,0,0
BRDA:1728,418,1,0
BRDA:1729,419,0,0
BRDA:1729,419,1,0
BRDA:1730,420,0,0
BRDA:1730,420,1,0
BRDA:1736,421,0,0
BRDA:1736,421,1,0
BRDA:1743,422,0,0
BRDA:1743,422,1,0
BRDA:1744,423,0,0
BRDA:1744,423,1,0
BRDA:1750,424,0,0
BRDA:1750,424,1,0
BRDA:1758,425,0,0
BRDA:1758,425,1,0
BRDA:1759,426,0,0
BRDA:1759,426,1,0
BRDA:1760,427,0,0
BRDA:1760,427,1,0
BRDA:1766,428,0,0
BRDA:1766,428,1,0
BRDA:1773,429,0,0
BRDA:1773,429,1,0
BRDA:1781,430,0,0
BRDA:1781,430,1,0
BRDA:1782,431,0,0
BRDA:1782,431,1,0
BRDA:1783,432,0,0
BRDA:1783,432,1,0
BRDA:1784,433,0,0
BRDA:1784,433,1,0
BRDA:1790,434,0,0
BRDA:1790,434,1,0
BRDA:1797,435,0,0
BRDA:1797,435,1,0
BRDA:1798,436,0,0
BRDA:1798,436,1,0
BRDA:1804,437,0,0
BRDA:1804,437,1,0
BRDA:1812,438,0,0
BRDA:1812,438,1,0
BRDA:1813,439,0,0
BRDA:1813,439,1,0
BRDA:1814,440,0,0
BRDA:1814,440,1,0
BRDA:1820,441,0,0
BRDA:1820,441,1,0
BRDA:1827,442,0,0
BRDA:1827,442,1,0
BRDA:1828,443,0,0
BRDA:1828,443,1,0
BRDA:1834,444,0,0
BRDA:1834,444,1,0
BRDA:1843,445,0,0
BRDA:1843,445,1,0
BRDA:1844,446,0,0
BRDA:1844,446,1,0
BRDA:1845,447,0,0
BRDA:1845,447,1,0
BRDA:1846,448,0,0
BRDA:1846,448,1,0
BRDA:1852,449,0,0
BRDA:1852,449,1,0
BRDA:1859,450,0,0
BRDA:1859,450,1,0
BRDA:1860,451,0,0
BRDA:1860,451,1,0
BRDA:1866,452,0,0
BRDA:1866,452,1,0
BRDA:1874,453,0,0
BRDA:1874,453,1,0
BRDA:1875,454,0,0
BRDA:1875,454,1,0
BRDA:1876,455,0,0
BRDA:1876,455,1,0
BRDA:1882,456,0,0
BRDA:1882,456,1,0
BRDA:1889,457,0,0
BRDA:1889,457,1,0
BRDA:1892,458,0,0
BRDA:1892,458,1,0
BRDA:1901,459,0,0
BRDA:1901,459,1,0
BRDA:1902,460,0,0
BRDA:1902,460,1,0
BRDA:1903,461,0,0
BRDA:1903,461,1,0
BRDA:1904,462,0,0
BRDA:1904,462,1,0
BRDA:1910,463,0,0
BRDA:1910,463,1,0
BRDA:1917,464,0,0
BRDA:1917,464,1,0
BRDA:1918,465,0,0
BRDA:1918,465,1,0
BRDA:1924,466,0,0
BRDA:1924,466,1,0
BRDA:1932,467,0,0
BRDA:1932,467,1,0
BRDA:1933,468,0,0
BRDA:1933,468,1,0
BRDA:1934,469,0,0
BRDA:1934,469,1,0
BRDA:1940,470,0,0
BRDA:1940,470,1,0
BRDA:1947,471,0,0
BRDA:1947,471,1,0
BRDA:1948,472,0,0
BRDA:1948,472,1,0
BRDA:1954,473,0,0
BRDA:1954,473,1,0
BRDA:1963,474,0,0
BRDA:1963,474,1,0
BRDA:1964,475,0,0
BRDA:1964,475,1,0
BRDA:1965,476,0,0
BRDA:1965,476,1,0
BRDA:1966,477,0,0
BRDA:1966,477,1,0
BRDA:1972,478,0,0
BRDA:1972,478,1,0
BRDA:1979,479,0,0
BRDA:1979,479,1,0
BRDA:1980,480,0,0
BRDA:1980,480,1,0
BRDA:1986,481,0,0
BRDA:1986,481,1,0
BRDA:1994,482,0,0
BRDA:1994,482,1,0
BRDA:1995,483,0,0
BRDA:1995,483,1,0
BRDA:1996,484,0,0
BRDA:1996,484,1,0
BRDA:2002,485,0,0
BRDA:2002,485,1,0
BRDA:2009,486,0,0
BRDA:2009,486,1,0
BRDA:2010,487,0,0
BRDA:2010,487,1,0
BRDA:2016,488,0,0
BRDA:2016,488,1,0
BRDA:2025,489,0,0
BRDA:2025,489,1,0
BRDA:2026,490,0,0
BRDA:2026,490,1,0
BRDA:2027,491,0,0
BRDA:2027,491,1,0
BRDA:2028,492,0,0
BRDA:2028,492,1,0
BRDA:2034,493,0,0
BRDA:2034,493,1,0
BRDA:2041,494,0,0
BRDA:2041,494,1,0
BRDA:2042,495,0,0
BRDA:2042,495,1,0
BRDA:2048,496,0,0
BRDA:2048,496,1,0
BRDA:2056,497,0,0
BRDA:2056,497,1,0
BRDA:2057,498,0,0
BRDA:2057,498,1,0
BRDA:2058,499,0,0
BRDA:2058,499,1,0
BRDA:2064,500,0,0
BRDA:2064,500,1,0
BRDA:2071,501,0,0
BRDA:2071,501,1,0
BRDA:2072,502,0,0
BRDA:2072,502,1,0
BRDA:2078,503,0,0
BRDA:2078,503,1,0
BRDA:2087,504,0,0
BRDA:2087,504,1,0
BRDA:2088,505,0,0
BRDA:2088,505,1,0
BRDA:2089,506,0,0
BRDA:2089,506,1,0
BRDA:2090,507,0,0
BRDA:2090,507,1,0
BRDA:2096,508,0,0
BRDA:2096,508,1,0
BRDA:2103,509,0,0
BRDA:2103,509,1,0
BRDA:2104,510,0,0
BRDA:2104,510,1,0
BRDA:2110,511,0,0
BRDA:2110,511,1,0
BRDA:2118,512,0,0
BRDA:2118,512,1,0
BRDA:2119,513,0,0
BRDA:2119,513,1,0
BRDA:2120,514,0,0
BRDA:2120,514,1,0
BRDA:2126,515,0,0
BRDA:2126,515,1,0
BRDA:2133,516,0,0
BRDA:2133,516,1,0
BRDA:2134,517,0,0
BRDA:2134,517,1,0
BRDA:2140,518,0,0
BRDA:2140,518,1,0
BRDA:2149,519,0,0
BRDA:2149,519,1,0
BRDA:2150,520,0,0
BRDA:2150,520,1,0
BRDA:2151,521,0,0
BRDA:2151,521,1,0
BRDA:2152,522,0,0
BRDA:2152,522,1,0
BRDA:2158,523,0,0
BRDA:2158,523,1,0
BRDA:2165,524,0,0
BRDA:2165,524,1,0
BRDA:2166,525,0,0
BRDA:2166,525,1,0
BRDA:2172,526,0,0
BRDA:2172,526,1,0
BRDA:2180,527,0,0
BRDA:2180,527,1,0
BRDA:2181,528,0,0
BRDA:2181,528,1,0
BRDA:2182,529,0,0
BRDA:2182,529,1,0
BRDA:2188,530,0,0
BRDA:2188,530,1,0
BRDA:2195,531,0,0
BRDA:2195,531,1,0
BRDA:2196,532,0,0
BRDA:2196,532,1,0
BRDA:2202,533,0,0
BRDA:2202,533,1,0
BRDA:2211,534,0,0
BRDA:2211,534,1,0
BRDA:2212,535,0,0
BRDA:2212,535,1,0
BRDA:2213,536,0,0
BRDA:2213,536,1,0
BRDA:2214,537,0,0
BRDA:2214,537,1,0
BRDA:2220,538,0,0
BRDA:2220,538,1,0
BRDA:2227,539,0,0
BRDA:2227,539,1,0
BRDA:2228,540,0,0
BRDA:2228,540,1,0
BRDA:2234,541,0,0
BRDA:2234,541,1,0
BRDA:2242,542,0,0
BRDA:2242,542,1,0
BRDA:2243,543,0,0
BRDA:2243,543,1,0
BRDA:2244,544,0,0
BRDA:2244,544,1,0
BRDA:2250,545,0,0
BRDA:2250,545,1,0
BRDA:2257,546,0,0
BRDA:2257,546,1,0
BRDA:2258,547,0,0
BRDA:2258,547,1,0
BRDA:2264,548,0,0
BRDA:2264,548,1,0
BRDA:2273,549,0,0
BRDA:2273,549,1,0
BRDA:2274,550,0,0
BRDA:2274,550,1,0
BRDA:2275,551,0,0
BRDA:2275,551,1,0
BRDA:2276,552,0,0
BRDA:2276,552,1,0
BRDA:2282,553,0,0
BRDA:2282,553,1,0
BRDA:2289,554,0,0
BRDA:2289,554,1,0
BRDA:2290,555,0,0
BRDA:2290,555,1,0
BRDA:2296,556,0,0
BRDA:2296,556,1,0
BRDA:2304,557,0,0
BRDA:2304,557,1,0
BRDA:2305,558,0,0
BRDA:2305,558,1,0
BRDA:2306,559,0,0
BRDA:2306,559,1,0
BRDA:2312,560,0,0
BRDA:2312,560,1,0
BRDA:2319,561,0,0
BRDA:2319,561,1,0
BRDA:2322,562,0,0
BRDA:2322,562,1,0
BRDA:2331,563,0,0
BRDA:2331,563,1,0
BRDA:2332,564,0,0
BRDA:2332,564,1,0
BRDA:2333,565,0,0
BRDA:2333,565,1,0
BRDA:2334,566,0,0
BRDA:2334,566,1,0
BRDA:2340,567,0,0
BRDA:2340,567,1,0
BRDA:2347,568,0,0
BRDA:2347,568,1,0
BRDA:2348,569,0,0
BRDA:2348,569,1,0
BRDA:2354,570,0,0
BRDA:2354,570,1,0
BRDA:2362,571,0,0
BRDA:2362,571,1,0
BRDA:2363,572,0,0
BRDA:2363,572,1,0
BRDA:2364,573,0,0
BRDA:2364,573,1,0
BRDA:2370,574,0,0
BRDA:2370,574,1,0
BRDA:2377,575,0,0
BRDA:2377,575,1,0
BRDA:2378,576,0,0
BRDA:2378,576,1,0
BRDA:2384,577,0,0
BRDA:2384,577,1,0
BRDA:2393,578,0,0
BRDA:2393,578,1,0
BRDA:2394,579,0,0
BRDA:2394,579,1,0
BRDA:2395,580,0,0
BRDA:2395,580,1,0
BRDA:2396,581,0,0
BRDA:2396,581,1,0
BRDA:2402,582,0,0
BRDA:2402,582,1,0
BRDA:2409,583,0,0
BRDA:2409,583,1,0
BRDA:2410,584,0,0
BRDA:2410,584,1,0
BRDA:2416,585,0,0
BRDA:2416,585,1,0
BRDA:2424,586,0,0
BRDA:2424,586,1,0
BRDA:2425,587,0,0
BRDA:2425,587,1,0
BRDA:2426,588,0,0
BRDA:2426,588,1,0
BRDA:2432,589,0,0
BRDA:2432,589,1,0
BRDA:2439,590,0,0
BRDA:2439,590,1,0
BRDA:2440,591,0,0
BRDA:2440,591,1,0
BRDA:2451,592,0,0
BRDA:2451,592,1,0
BRDA:2452,593,0,0
BRDA:2452,593,1,0
BRDA:2453,594,0,0
BRDA:2453,594,1,0
BRDA:2454,595,0,0
BRDA:2454,595,1,0
BRDA:2460,596,0,0
BRDA:2460,596,1,0
BRDA:2467,597,0,0
BRDA:2467,597,1,0
BRDA:2468,598,0,0
BRDA:2468,598,1,0
BRDA:2474,599,0,0
BRDA:2474,599,1,0
BRDA:2482,600,0,0
BRDA:2482,600,1,0
BRDA:2483,601,0,0
BRDA:2483,601,1,0
BRDA:2484,602,0,0
BRDA:2484,602,1,0
BRDA:2490,603,0,0
BRDA:2490,603,1,0
BRDA:2497,604,0,0
BRDA:2497,604,1,0
BRDA:2498,605,0,0
BRDA:2498,605,1,0
BRDA:2504,606,0,0
BRDA:2504,606,1,0
BRDA:2513,607,0,0
BRDA:2513,607,1,0
BRDA:2514,608,0,0
BRDA:2514,608,1,0
BRDA:2515,609,0,0
BRDA:2515,609,1,0
BRDA:2516,610,0,0
BRDA:2516,610,1,0
BRDA:2522,611,0,0
BRDA:2522,611,1,0
BRDA:2529,612,0,0
BRDA:2529,612,1,0
BRDA:2530,613,0,0
BRDA:2530,613,1,0
BRDA:2536,614,0,0
BRDA:2536,614,1,0
BRDA:2544,615,0,0
BRDA:2544,615,1,0
BRDA:2545,616,0,0
BRDA:2545,616,1,0
BRDA:2546,617,0,0
BRDA:2546,617,1,0
BRDA:2552,618,0,0
BRDA:2552,618,1,0
BRDA:2559,619,0,0
BRDA:2559,619,1,0
BRDA:2560,620,0,0
BRDA:2560,620,1,0
BRDA:2566,621,0,0
BRDA:2566,621,1,0
BRDA:2575,622,0,0
BRDA:2575,622,1,0
BRDA:2576,623,0,0
BRDA:2576,623,1,0
BRDA:2577,624,0,0
BRDA:2577,624,1,0
BRDA:2578,625,0,0
BRDA:2578,625,1,0
BRDA:2584,626,0,0
BRDA:2584,626,1,0
BRDA:2591,627,0,0
BRDA:2591,627,1,0
BRDA:2592,628,0,0
BRDA:2592,628,1,0
BRDA:2598,629,0,0
BRDA:2598,629,1,0
BRDA:2606,630,0,0
BRDA:2606,630,1,0
BRDA:2607,631,0,0
BRDA:2607,631,1,0
BRDA:2608,632,0,0
BRDA:2608,632,1,0
BRDA:2614,633,0,0
BRDA:2614,633,1,0
BRDA:2621,634,0,0
BRDA:2621,634,1,0
BRDA:2622,635,0,0
BRDA:2622,635,1,0
BRDA:2628,636,0,0
BRDA:2628,636,1,0
BRDA:2637,637,0,0
BRDA:2637,637,1,0
BRDA:2638,638,0,0
BRDA:2638,638,1,0
BRDA:2639,639,0,0
BRDA:2639,639,1,0
BRDA:2640,640,0,0
BRDA:2640,640,1,0
BRDA:2646,641,0,0
BRDA:2646,641,1,0
BRDA:2653,642,0,0
BRDA:2653,642,1,0
BRDA:2654,643,0,0
BRDA:2654,643,1,0
BRDA:2660,644,0,0
BRDA:2660,644,1,0
BRDA:2668,645,0,0
BRDA:2668,645,1,0
BRDA:2669,646,0,0
BRDA:2669,646,1,0
BRDA:2670,647,0,0
BRDA:2670,647,1,0
BRDA:2676,648,0,0
BRDA:2676,648,1,0
BRDA:2683,649,0,0
BRDA:2683,649,1,0
BRDA:2684,650,0,0
BRDA:2684,650,1,0
BRDA:2690,651,0,0
BRDA:2690,651,1,0
BRDA:2699,652,0,0
BRDA:2699,652,1,0
BRDA:2700,653,0,0
BRDA:2700,653,1,0
BRDA:2701,654,0,0
BRDA:2701,654,1,0
BRDA:2702,655,0,0
BRDA:2702,655,1,0
BRDA:2708,656,0,0
BRDA:2708,656,1,0
BRDA:2715,657,0,0
BRDA:2715,657,1,0
BRDA:2716,658,0,0
BRDA:2716,658,1,0
BRDA:2722,659,0,0
BRDA:2722,659,1,0
BRDA:2730,660,0,0
BRDA:2730,660,1,0
BRDA:2731,661,0,0
BRDA:2731,661,1,0
BRDA:2732,662,0,0
BRDA:2732,662,1,0
BRDA:2738,663,0,0
BRDA:2738,663,1,0
BRDA:2745,664,0,0
BRDA:2745,664,1,0
BRDA:2746,665,0,0
BRDA:2746,665,1,0
BRDA:2752,666,0,0
BRDA:2752,666,1,0
BRDA:2761,667,0,0
BRDA:2761,667,1,0
BRDA:2762,668,0,0
BRDA:2762,668,1,0
BRDA:2763,669,0,0
BRDA:2763,669,1,0
BRDA:2764,670,0,0
BRDA:2764,670,1,0
BRDA:2770,671,0,0
BRDA:2770,671,1,0
BRDA:2777,672,0,0
BRDA:2777,672,1,0
BRDA:2778,673,0,0
BRDA:2778,673,1,0
BRDA:2784,674,0,0
BRDA:2784,674,1,0
BRDA:2792,675,0,0
BRDA:2792,675,1,0
BRDA:2793,676,0,0
BRDA:2793,676,1,0
BRDA:2794,677,0,0
BRDA:2794,677,1,0
BRDA:2800,678,0,0
BRDA:2800,678,1,0
BRDA:2807,679,0,0
BRDA:2807,679,1,0
BRDA:2808,680,0,0
BRDA:2808,680,1,0
BRDA:2814,681,0,0
BRDA:2814,681,1,0
BRDA:2823,682,0,0
BRDA:2823,682,1,0
BRDA:2824,683,0,0
BRDA:2824,683,1,0
BRDA:2825,684,0,0
BRDA:2825,684,1,0
BRDA:2826,685,0,0
BRDA:2826,685,1,0
BRDA:2832,686,0,0
BRDA:2832,686,1,0
BRDA:2839,687,0,0
BRDA:2839,687,1,0
BRDA:2840,688,0,0
BRDA:2840,688,1,0
BRDA:2846,689,0,0
BRDA:2846,689,1,0
BRDA:2854,690,0,0
BRDA:2854,690,1,0
BRDA:2855,691,0,0
BRDA:2855,691,1,0
BRDA:2856,692,0,0
BRDA:2856,692,1,0
BRDA:2862,693,0,0
BRDA:2862,693,1,0
BRDA:2869,694,0,0
BRDA:2869,694,1,0
BRDA:2870,695,0,0
BRDA:2870,695,1,0
BRDA:2876,696,0,0
BRDA:2876,696,1,0
BRDA:2885,697,0,0
BRDA:2885,697,1,0
BRDA:2886,698,0,0
BRDA:2886,698,1,0
BRDA:2887,699,0,0
BRDA:2887,699,1,0
BRDA:2888,700,0,0
BRDA:2888,700,1,0
BRDA:2894,701,0,0
BRDA:2894,701,1,0
BRDA:2901,702,0,0
BRDA:2901,702,1,0
BRDA:2902,703,0,0
BRDA:2902,703,1,0
BRDA:2908,704,0,0
BRDA:2908,704,1,0
BRDA:2916,705,0,0
BRDA:2916,705,1,0
BRDA:2917,706,0,0
BRDA:2917,706,1,0
BRDA:2918,707,0,0
BRDA:2918,707,1,0
BRDA:2924,708,0,0
BRDA:2924,708,1,0
BRDA:2931,709,0,0
BRDA:2931,709,1,0
BRDA:2932,710,0,0
BRDA:2932,710,1,0
BRDA:2943,711,0,0
BRDA:2943,711,1,0
BRDA:2944,712,0,0
BRDA:2944,712,1,0
BRDA:2945,713,0,0
BRDA:2945,713,1,0
BRDA:2946,714,0,0
BRDA:2946,714,1,0
BRDA:2952,715,0,0
BRDA:2952,715,1,0
BRDA:2959,716,0,0
BRDA:2959,716,1,0
BRDA:2960,717,0,0
BRDA:2960,717,1,0
BRDA:2966,718,0,0
BRDA:2966,718,1,0
BRDA:2974,719,0,0
BRDA:2974,719,1,0
BRDA:2975,720,0,0
BRDA:2975,720,1,0
BRDA:2976,721,0,0
BRDA:2976,721,1,0
BRDA:2982,722,0,0
BRDA:2982,722,1,0
BRDA:2989,723,0,0
BRDA:2989,723,1,0
BRDA:2990,724,0,0
BRDA:2990,724,1,0
BRDA:2996,725,0,0
BRDA:2996,725,1,0
BRDA:3005,726,0,0
BRDA:3005,726,1,0
BRDA:3006,727,0,0
BRDA:3006,727,1,0
BRDA:3007,728,0,0
BRDA:3007,728,1,0
BRDA:3008,729,0,0
BRDA:3008,729,1,0
BRDA:3014,730,0,0
BRDA:3014,730,1,0
BRDA:3021,731,0,0
BRDA:3021,731,1,0
BRDA:3022,732,0,0
BRDA:3022,732,1,0
BRDA:3028,733,0,0
BRDA:3028,733,1,0
BRDA:3036,734,0,0
BRDA:3036,734,1,0
BRDA:3037,735,0,0
BRDA:3037,735,1,0
BRDA:3038,736,0,0
BRDA:3038,736,1,0
BRDA:3044,737,0,0
BRDA:3044,737,1,0
BRDA:3051,738,0,0
BRDA:3051,738,1,0
BRDA:3052,739,0,0
BRDA:3052,739,1,0
BRDA:3058,740,0,0
BRDA:3058,740,1,0
BRDA:3067,741,0,0
BRDA:3067,741,1,0
BRDA:3068,742,0,0
BRDA:3068,742,1,0
BRDA:3069,743,0,0
BRDA:3069,743,1,0
BRDA:3070,744,0,0
BRDA:3070,744,1,0
BRDA:3076,745,0,0
BRDA:3076,745,1,0
BRDA:3083,746,0,0
BRDA:3083,746,1,0
BRDA:3084,747,0,0
BRDA:3084,747,1,0
BRDA:3090,748,0,0
BRDA:3090,748,1,0
BRDA:3098,749,0,0
BRDA:3098,749,1,0
BRDA:3099,750,0,0
BRDA:3099,750,1,0
BRDA:3100,751,0,0
BRDA:3100,751,1,0
BRDA:3106,752,0,0
BRDA:3106,752,1,0
BRDA:3113,753,0,0
BRDA:3113,753,1,0
BRDA:3114,754,0,0
BRDA:3114,754,1,0
BRDA:3120,755,0,0
BRDA:3120,755,1,0
BRDA:3129,756,0,0
BRDA:3129,756,1,0
BRDA:3130,757,0,0
BRDA:3130,757,1,0
BRDA:3131,758,0,0
BRDA:3131,758,1,0
BRDA:3132,759,0,0
BRDA:3132,759,1,0
BRDA:3138,760,0,0
BRDA:3138,760,1,0
BRDA:3145,761,0,0
BRDA:3145,761,1,0
BRDA:3146,762,0,0
BRDA:3146,762,1,0
BRDA:3152,763,0,0
BRDA:3152,763,1,0
BRDA:3160,764,0,0
BRDA:3160,764,1,0
BRDA:3161,765,0,0
BRDA:3161,765,1,0
BRDA:3162,766,0,0
BRDA:3162,766,1,0
BRDA:3168,767,0,0
BRDA:3168,767,1,0
BRDA:3175,768,0,0
BRDA:3175,768,1,0
BRDA:3176,769,0,0
BRDA:3176,769,1,0
BRDA:3182,770,0,0
BRDA:3182,770,1,0
BRDA:3191,771,0,0
BRDA:3191,771,1,0
BRDA:3192,772,0,0
BRDA:3192,772,1,0
BRDA:3193,773,0,0
BRDA:3193,773,1,0
BRDA:3194,774,0,0
BRDA:3194,774,1,0
BRDA:3200,775,0,0
BRDA:3200,775,1,0
BRDA:3207,776,0,0
BRDA:3207,776,1,0
BRDA:3208,777,0,0
BRDA:3208,777,1,0
BRDA:3214,778,0,0
BRDA:3214,778,1,0
BRDA:3222,779,0,0
BRDA:3222,779,1,0
BRDA:3223,780,0,0
BRDA:3223,780,1,0
BRDA:3224,781,0,0
BRDA:3224,781,1,0
BRDA:3230,782,0,0
BRDA:3230,782,1,0
BRDA:3237,783,0,0
BRDA:3237,783,1,0
BRDA:3238,784,0,0
BRDA:3238,784,1,0
BRDA:3244,785,0,0
BRDA:3244,785,1,0
BRDA:3253,786,0,0
BRDA:3253,786,1,0
BRDA:3254,787,0,0
BRDA:3254,787,1,0
BRDA:3255,788,0,0
BRDA:3255,788,1,0
BRDA:3256,789,0,0
BRDA:3256,789,1,0
BRDA:3262,790,0,0
BRDA:3262,790,1,0
BRDA:3269,791,0,0
BRDA:3269,791,1,0
BRDA:3270,792,0,0
BRDA:3270,792,1,0
BRDA:3276,793,0,0
BRDA:3276,793,1,0
BRDA:3284,794,0,0
BRDA:3284,794,1,0
BRDA:3285,795,0,0
BRDA:3285,795,1,0
BRDA:3286,796,0,0
BRDA:3286,796,1,0
BRDA:3292,797,0,0
BRDA:3292,797,1,0
BRDA:3299,798,0,0
BRDA:3299,798,1,0
BRDA:3300,799,0,0
BRDA:3300,799,1,0
BRDA:3306,800,0,0
BRDA:3306,800,1,0
BRDA:3315,801,0,0
BRDA:3315,801,1,0
BRDA:3316,802,0,0
BRDA:3316,802,1,0
BRDA:3317,803,0,0
BRDA:3317,803,1,0
BRDA:3318,804,0,0
BRDA:3318,804,1,0
BRDA:3324,805,0,0
BRDA:3324,805,1,0
BRDA:3331,806,0,0
BRDA:3331,806,1,0
BRDA:3332,807,0,0
BRDA:3332,807,1,0
BRDA:3338,808,0,0
BRDA:3338,808,1,0
BRDA:3346,809,0,0
BRDA:3346,809,1,0
BRDA:3347,810,0,0
BRDA:3347,810,1,0
BRDA:3350,811,0,0
BRDA:3350,811,1,0
BRDA:3357,812,0,0
BRDA:3357,812,1,0
BRDA:3358,813,0,0
BRDA:3358,813,1,0
BRDA:3364,814,0,0
BRDA:3364,814,1,0
BRDA:3373,815,0,0
BRDA:3373,815,1,0
BRDA:3374,816,0,0
BRDA:3374,816,1,0
BRDA:3375,817,0,0
BRDA:3375,817,1,0
BRDA:3376,818,0,0
BRDA:3376,818,1,0
BRDA:3382,819,0,0
BRDA:3382,819,1,0
BRDA:3389,820,0,0
BRDA:3389,820,1,0
BRDA:3390,821,0,0
BRDA:3390,821,1,0
BRDA:3396,822,0,0
BRDA:3396,822,1,0
BRDA:3404,823,0,0
BRDA:3404,823,1,0
BRDA:3405,824,0,0
BRDA:3405,824,1,0
BRDA:3406,825,0,0
BRDA:3406,825,1,0
BRDA:3412,826,0,0
BRDA:3412,826,1,0
BRDA:3419,827,0,0
BRDA:3419,827,1,0
BRDA:3420,828,0,0
BRDA:3420,828,1,0
BRDA:3426,829,0,0
BRDA:3426,829,1,0
BRDA:3435,830,0,0
BRDA:3435,830,1,0
BRDA:3436,831,0,0
BRDA:3436,831,1,0
BRDA:3437,832,0,0
BRDA:3437,832,1,0
BRDA:3438,833,0,0
BRDA:3438,833,1,0
BRDA:3444,834,0,0
BRDA:3444,834,1,0
BRDA:3451,835,0,0
BRDA:3451,835,1,0
BRDA:3452,836,0,0
BRDA:3452,836,1,0
BRDA:3458,837,0,0
BRDA:3458,837,1,0
BRDA:3466,838,0,0
BRDA:3466,838,1,0
BRDA:3467,839,0,0
BRDA:3467,839,1,0
BRDA:3468,840,0,0
BRDA:3468,840,1,0
BRDA:3474,841,0,0
BRDA:3474,841,1,0
BRDA:3481,842,0,0
BRDA:3481,842,1,0
BRDA:3482,843,0,0
BRDA:3482,843,1,0
BRDA:3488,844,0,0
BRDA:3488,844,1,0
BRDA:3497,845,0,0
BRDA:3497,845,1,0
BRDA:3498,846,0,0
BRDA:3498,846,1,0
BRDA:3499,847,0,0
BRDA:3499,847,1,0
BRDA:3500,848,0,0
BRDA:3500,848,1,0
BRDA:3506,849,0,0
BRDA:3506,849,1,0
BRDA:3513,850,0,0
BRDA:3513,850,1,0
BRDA:3514,851,0,0
BRDA:3514,851,1,0
BRDA:3520,852,0,0
BRDA:3520,852,1,0
BRDA:3528,853,0,0
BRDA:3528,853,1,0
BRDA:3529,854,0,0
BRDA:3529,854,1,0
BRDA:3530,855,0,0
BRDA:3530,855,1,0
BRDA:3536,856,0,0
BRDA:3536,856,1,0
BRDA:3543,857,0,0
BRDA:3543,857,1,0
BRDA:3544,858,0,0
BRDA:3544,858,1,0
BRDA:3550,859,0,0
BRDA:3550,859,1,0
BRDA:3559,860,0,0
BRDA:3559,860,1,0
BRDA:3560,861,0,0
BRDA:3560,861,1,0
BRDA:3561,862,0,0
BRDA:3561,862,1,0
BRDA:3562,863,0,0
BRDA:3562,863,1,0
BRDA:3568,864,0,0
BRDA:3568,864,1,0
BRDA:3575,865,0,0
BRDA:3575,865,1,0
BRDA:3576,866,0,0
BRDA:3576,866,1,0
BRDA:3582,867,0,0
BRDA:3582,867,1,0
BRDA:3590,868,0,0
BRDA:3590,868,1,0
BRDA:3591,869,0,0
BRDA:3591,869,1,0
BRDA:3592,870,0,0
BRDA:3592,870,1,0
BRDA:3598,871,0,0
BRDA:3598,871,1,0
BRDA:3605,872,0,0
BRDA:3605,872,1,0
BRDA:3606,873,0,0
BRDA:3606,873,1,0
BRDA:3612,874,0,0
BRDA:3612,874,1,0
BRDA:3621,875,0,0
BRDA:3621,875,1,0
BRDA:3622,876,0,0
BRDA:3622,876,1,0
BRDA:3623,877,0,0
BRDA:3623,877,1,0
BRDA:3624,878,0,0
BRDA:3624,878,1,0
BRDA:3630,879,0,0
BRDA:3630,879,1,0
BRDA:3637,880,0,0
BRDA:3637,880,1,0
BRDA:3638,881,0,0
BRDA:3638,881,1,0
BRDA:3644,882,0,0
BRDA:3644,882,1,0
BRDA:3652,883,0,0
BRDA:3652,883,1,0
BRDA:3653,884,0,0
BRDA:3653,884,1,0
BRDA:3654,885,0,0
BRDA:3654,885,1,0
BRDA:3660,886,0,0
BRDA:3660,886,1,0
BRDA:3667,887,0,0
BRDA:3667,887,1,0
BRDA:3668,888,0,0
BRDA:3668,888,1,0
BRDA:3674,889,0,0
BRDA:3674,889,1,0
BRDA:3683,890,0,0
BRDA:3683,890,1,0
BRDA:3684,891,0,0
BRDA:3684,891,1,0
BRDA:3685,892,0,0
BRDA:3685,892,1,0
BRDA:3686,893,0,0
BRDA:3686,893,1,0
BRDA:3692,894,0,0
BRDA:3692,894,1,0
BRDA:3699,895,0,0
BRDA:3699,895,1,0
BRDA:3700,896,0,0
BRDA:3700,896,1,0
BRDA:3706,897,0,0
BRDA:3706,897,1,0
BRDA:3714,898,0,0
BRDA:3714,898,1,0
BRDA:3715,899,0,0
BRDA:3715,899,1,0
BRDA:3716,900,0,0
BRDA:3716,900,1,0
BRDA:3722,901,0,0
BRDA:3722,901,1,0
BRDA:3729,902,0,0
BRDA:3729,902,1,0
BRDA:3730,903,0,0
BRDA:3730,903,1,0
BRDA:3736,904,0,0
BRDA:3736,904,1,0
BRDA:3745,905,0,0
BRDA:3745,905,1,0
BRDA:3746,906,0,0
BRDA:3746,906,1,0
BRDA:3747,907,0,0
BRDA:3747,907,1,0
BRDA:3748,908,0,0
BRDA:3748,908,1,0
BRDA:3754,909,0,0
BRDA:3754,909,1,0
BRDA:3761,910,0,0
BRDA:3761,910,1,0
BRDA:3762,911,0,0
BRDA:3762,911,1,0
BRDA:3768,912,0,0
BRDA:3768,912,1,0
BRDA:3776,913,0,0
BRDA:3776,913,1,0
BRDA:3777,914,0,0
BRDA:3777,914,1,0
BRDA:3778,915,0,0
BRDA:3778,915,1,0
BRDA:3784,916,0,0
BRDA:3784,916,1,0
BRDA:3791,917,0,0
BRDA:3791,917,1,0
BRDA:3792,918,0,0
BRDA:3792,918,1,0
BRDA:3798,919,0,0
BRDA:3798,919,1,0
BRDA:3807,920,0,0
BRDA:3807,920,1,0
BRDA:3808,921,0,0
BRDA:3808,921,1,0
BRDA:3809,922,0,0
BRDA:3809,922,1,0
BRDA:3810,923,0,0
BRDA:3810,923,1,0
BRDA:3816,924,0,0
BRDA:3816,924,1,0
BRDA:3823,925,0,0
BRDA:3823,925,1,0
BRDA:3824,926,0,0
BRDA:3824,926,1,0
BRDA:3830,927,0,0
BRDA:3830,927,1,0
BRDA:3838,928,0,0
BRDA:3838,928,1,0
BRDA:3839,929,0,0
BRDA:3839,929,1,0
BRDA:3840,930,0,0
BRDA:3840,930,1,0
BRDA:3846,931,0,0
BRDA:3846,931,1,0
BRDA:3853,932,0,0
BRDA:3853,932,1,0
BRDA:3854,933,0,0
BRDA:3854,933,1,0
BRDA:3860,934,0,0
BRDA:3860,934,1,0
BRDA:3869,935,0,0
BRDA:3869,935,1,0
BRDA:3870,936,0,0
BRDA:3870,936,1,0
BRDA:3871,937,0,0
BRDA:3871,937,1,0
BRDA:3872,938,0,0
BRDA:3872,938,1,0
BRDA:3878,939,0,0
BRDA:3878,939,1,0
BRDA:3885,940,0,0
BRDA:3885,940,1,0
BRDA:3886,941,0,0
BRDA:3886,941,1,0
BRDA:3892,942,0,0
BRDA:3892,942,1,0
BRDA:3900,943,0,0
BRDA:3900,943,1,0
BRDA:3901,944,0,0
BRDA:3901,944,1,0
BRDA:3902,945,0,0
BRDA:3902,945,1,0
BRDA:3908,946,0,0
BRDA:3908,946,1,0
BRDA:3915,947,0,0
BRDA:3915,947,1,0
BRDA:3916,948,0,0
BRDA:3916,948,1,0
BRDA:3922,949,0,0
BRDA:3922,949,1,0
BRDA:3931,950,0,0
BRDA:3931,950,1,0
BRDA:3932,951,0,0
BRDA:3932,951,1,0
BRDA:3933,952,0,0
BRDA:3933,952,1,0
BRDA:3934,953,0,0
BRDA:3934,953,1,0
BRDA:3940,954,0,0
BRDA:3940,954,1,0
BRDA:3947,955,0,0
BRDA:3947,955,1,0
BRDA:3948,956,0,0
BRDA:3948,956,1,0
BRDA:3954,957,0,0
BRDA:3954,957,1,0
BRDA:3962,958,0,0
BRDA:3962,958,1,0
BRDA:3963,959,0,0
BRDA:3963,959,1,0
BRDA:3964,960,0,0
BRDA:3964,960,1,0
BRDA:3970,961,0,0
BRDA:3970,961,1,0
BRDA:3977,962,0,0
BRDA:3977,962,1,0
BRDA:3978,963,0,0
BRDA:3978,963,1,0
BRDA:3984,964,0,0
BRDA:3984,964,1,0
BRDA:3993,965,0,0
BRDA:3993,965,1,0
BRDA:3994,966,0,0
BRDA:3994,966,1,0
BRDA:3995,967,0,0
BRDA:3995,967,1,0
BRDA:3996,968,0,0
BRDA:3996,968,1,0
BRDA:4002,969,0,0
BRDA:4002,969,1,0
BRDA:4009,970,0,0
BRDA:4009,970,1,0
BRDA:4010,971,0,0
BRDA:4010,971,1,0
BRDA:4016,972,0,0
BRDA:4016,972,1,0
BRDA:4024,973,0,0
BRDA:4024,973,1,0
BRDA:4025,974,0,0
BRDA:4025,974,1,0
BRDA:4026,975,0,0
BRDA:4026,975,1,0
BRDA:4032,976,0,0
BRDA:4032,976,1,0
BRDA:4039,977,0,0
BRDA:4039,977,1,0
BRDA:4040,978,0,0
BRDA:4040,978,1,0
BRDA:4046,979,0,0
BRDA:4046,979,1,0
BRDA:4055,980,0,0
BRDA:4055,980,1,0
BRDA:4056,981,0,0
BRDA:4056,981,1,0
BRDA:4057,982,0,0
BRDA:4057,982,1,0
BRDA:4058,983,0,0
BRDA:4058,983,1,0
BRDA:4064,984,0,0
BRDA:4064,984,1,0
BRDA:4071,985,0,0
BRDA:4071,985,1,0
BRDA:4072,986,0,0
BRDA:4072,986,1,0
BRDA:4078,987,0,0
BRDA:4078,987,1,0
BRDA:4086,988,0,0
BRDA:4086,988,1,0
BRDA:4087,989,0,0
BRDA:4087,989,1,0
BRDA:4088,990,0,0
BRDA:4088,990,1,0
BRDA:4094,991,0,0
BRDA:4094,991,1,0
BRDA:4101,992,0,0
BRDA:4101,992,1,0
BRDA:4102,993,0,0
BRDA:4102,993,1,0
BRDA:4108,994,0,0
BRDA:4108,994,1,0
BRDA:4117,995,0,0
BRDA:4117,995,1,0
BRDA:4118,996,0,0
BRDA:4118,996,1,0
BRDA:4119,997,0,0
BRDA:4119,997,1,0
BRDA:4120,998,0,0
BRDA:4120,998,1,0
BRDA:4126,999,0,0
BRDA:4126,999,1,0
BRDA:4133,1000,0,0
BRDA:4133,1000,1,0
BRDA:4134,1001,0,0
BRDA:4134,1001,1,0
BRDA:4140,1002,0,0
BRDA:4140,1002,1,0
BRDA:4148,1003,0,0
BRDA:4148,1003,1,0
BRDA:4149,1004,0,0
BRDA:4149,1004,1,0
BRDA:4150,1005,0,0
BRDA:4150,1005,1,0
BRDA:4156,1006,0,0
BRDA:4156,1006,1,0
BRDA:4163,1007,0,0
BRDA:4163,1007,1,0
BRDA:4164,1008,0,0
BRDA:4164,1008,1,0
BRDA:4170,1009,0,0
BRDA:4170,1009,1,0
BRDA:4179,1010,0,0
BRDA:4179,1010,1,0
BRDA:4180,1011,0,0
BRDA:4180,1011,1,0
BRDA:4181,1012,0,0
BRDA:4181,1012,1,0
BRDA:4182,1013,0,0
BRDA:4182,1013,1,0
BRDA:4188,1014,0,0
BRDA:4188,1014,1,0
BRDA:4195,1015,0,0
BRDA:4195,1015,1,0
BRDA:4196,1016,0,0
BRDA:4196,1016,1,0
BRDA:4202,1017,0,0
BRDA:4202,1017,1,0
BRDA:4210,1018,0,0
BRDA:4210,1018,1,0
BRDA:4211,1019,0,0
BRDA:4211,1019,1,0
BRDA:4212,1020,0,0
BRDA:4212,1020,1,0
BRDA:4218,1021,0,0
BRDA:4218,1021,1,0
BRDA:4225,1022,0,0
BRDA:4225,1022,1,0
BRDA:4226,1023,0,0
BRDA:4226,1023,1,0
BRDA:4232,1024,0,0
BRDA:4232,1024,1,0
BRDA:4241,1025,0,0
BRDA:4241,1025,1,0
BRDA:4242,1026,0,0
BRDA:4242,1026,1,0
BRDA:4243,1027,0,0
BRDA:4243,1027,1,0
BRDA:4244,1028,0,0
BRDA:4244,1028,1,0
BRDA:4250,1029,0,0
BRDA:4250,1029,1,0
BRDA:4257,1030,0,0
BRDA:4257,1030,1,0
BRDA:4258,1031,0,0
BRDA:4258,1031,1,0
BRDA:4264,1032,0,0
BRDA:4264,1032,1,0
BRDA:4272,1033,0,0
BRDA:4272,1033,1,0
BRDA:4273,1034,0,0
BRDA:4273,1034,1,0
BRDA:4274,1035,0,0
BRDA:4274,1035,1,0
BRDA:4280,1036,0,0
BRDA:4280,1036,1,0
BRDA:4287,1037,0,0
BRDA:4287,1037,1,0
BRDA:4288,1038,0,0
BRDA:4288,1038,1,0
BRDA:4294,1039,0,0
BRDA:4294,1039,1,0
BRDA:4303,1040,0,0
BRDA:4303,1040,1,0
BRDA:4304,1041,0,0
BRDA:4304,1041,1,0
BRDA:4305,1042,0,0
BRDA:4305,1042,1,0
BRDA:4306,1043,0,0
BRDA:4306,1043,1,0
BRDA:4312,1044,0,0
BRDA:4312,1044,1,0
BRDA:4319,1045,0,0
BRDA:4319,1045,1,0
BRDA:4320,1046,0,0
BRDA:4320,1046,1,0
BRDA:4326,1047,0,0
BRDA:4326,1047,1,0
BRDA:4334,1048,0,0
BRDA:4334,1048,1,0
BRDA:4335,1049,0,0
BRDA:4335,1049,1,0
BRDA:4336,1050,0,0
BRDA:4336,1050,1,0
BRDA:4342,1051,0,0
BRDA:4342,1051,1,0
BRDA:4349,1052,0,0
BRDA:4349,1052,1,0
BRDA:4350,1053,0,0
BRDA:4350,1053,1,0
BRDA:4356,1054,0,0
BRDA:4356,1054,1,0
BRDA:4365,1055,0,0
BRDA:4365,1055,1,0
BRDA:4366,1056,0,0
BRDA:4366,1056,1,0
BRDA:4367,1057,0,0
BRDA:4367,1057,1,0
BRDA:4368,1058,0,0
BRDA:4368,1058,1,0
BRDA:4374,1059,0,0
BRDA:4374,1059,1,0
BRDA:4381,1060,0,0
BRDA:4381,1060,1,0
BRDA:4382,1061,0,0
BRDA:4382,1061,1,0
BRDA:4388,1062,0,0
BRDA:4388,1062,1,0
BRDA:4396,1063,0,0
BRDA:4396,1063,1,0
BRDA:4397,1064,0,0
BRDA:4397,1064,1,0
BRDA:4398,1065,0,0
BRDA:4398,1065,1,0
BRDA:4404,1066,0,0
BRDA:4404,1066,1,0
BRDA:4411,1067,0,0
BRDA:4411,1067,1,0
BRDA:4412,1068,0,0
BRDA:4412,1068,1,0
BRDA:4418,1069,0,0
BRDA:4418,1069,1,0
BRDA:4427,1070,0,0
BRDA:4427,1070,1,0
BRDA:4428,1071,0,0
BRDA:4428,1071,1,0
BRDA:4429,1072,0,0
BRDA:4429,1072,1,0
BRDA:4430,1073,0,0
BRDA:4430,1073,1,0
BRDA:4436,1074,0,0
BRDA:4436,1074,1,0
BRDA:4443,1075,0,0
BRDA:4443,1075,1,0
BRDA:4444,1076,0,0
BRDA:4444,1076,1,0
BRDA:4450,1077,0,0
BRDA:4450,1077,1,0
BRDA:4458,1078,0,0
BRDA:4458,1078,1,0
BRDA:4459,1079,0,0
BRDA:4459,1079,1,0
BRDA:4460,1080,0,0
BRDA:4460,1080,1,0
BRDA:4466,1081,0,0
BRDA:4466,1081,1,0
BRDA:4473,1082,0,0
BRDA:4473,1082,1,0
BRDA:4474,1083,0,0
BRDA:4474,1083,1,0
BRDA:4480,1084,0,0
BRDA:4480,1084,1,0
BRDA:4489,1085,0,0
BRDA:4489,1085,1,0
BRDA:4490,1086,0,0
BRDA:4490,1086,1,0
BRDA:4491,1087,0,0
BRDA:4491,1087,1,0
BRDA:4492,1088,0,0
BRDA:4492,1088,1,0
BRDA:4498,1089,0,0
BRDA:4498,1089,1,0
BRDA:4505,1090,0,0
BRDA:4505,1090,1,0
BRDA:4506,1091,0,0
BRDA:4506,1091,1,0
BRDA:4512,1092,0,0
BRDA:4512,1092,1,0
BRDA:4520,1093,0,0
BRDA:4520,1093,1,0
BRDA:4521,1094,0,0
BRDA:4521,1094,1,0
BRDA:4522,1095,0,0
BRDA:4522,1095,1,0
BRDA:4528,1096,0,0
BRDA:4528,1096,1,0
BRDA:4535,1097,0,0
BRDA:4535,1097,1,0
BRDA:4536,1098,0,0
BRDA:4536,1098,1,0
BRDA:4542,1099,0,0
BRDA:4542,1099,1,0
BRDA:4551,1100,0,0
BRDA:4551,1100,1,0
BRDA:4552,1101,0,0
BRDA:4552,1101,1,0
BRDA:4553,1102,0,0
BRDA:4553,1102,1,0
BRDA:4554,1103,0,0
BRDA:4554,1103,1,0
BRDA:4560,1104,0,0
BRDA:4560,1104,1,0
BRDA:4567,1105,0,0
BRDA:4567,1105,1,0
BRDA:4568,1106,0,0
BRDA:4568,1106,1,0
BRDA:4574,1107,0,0
BRDA:4574,1107,1,0
BRDA:4582,1108,0,0
BRDA:4582,1108,1,0
BRDA:4583,1109,0,0
BRDA:4583,1109,1,0
BRDA:4584,1110,0,0
BRDA:4584,1110,1,0
BRDA:4590,1111,0,0
BRDA:4590,1111,1,0
BRDA:4597,1112,0,0
BRDA:4597,1112,1,0
BRDA:4598,1113,0,0
BRDA:4598,1113,1,0
BRDA:4604,1114,0,0
BRDA:4604,1114,1,0
BRDA:4613,1115,0,0
BRDA:4613,1115,1,0
BRDA:4614,1116,0,0
BRDA:4614,1116,1,0
BRDA:4615,1117,0,0
BRDA:4615,1117,1,0
BRDA:4616,1118,0,0
BRDA:4616,1118,1,0
BRDA:4622,1119,0,0
BRDA:4622,1119,1,0
BRDA:4629,1120,0,0
BRDA:4629,1120,1,0
BRDA:4630,1121,0,0
BRDA:4630,1121,1,0
BRDA:4636,1122,0,0
BRDA:4636,1122,1,0
BRDA:4644,1123,0,0
BRDA:4644,1123,1,0
BRDA:4645,1124,0,0
BRDA:4645,1124,1,0
BRDA:4646,1125,0,0
BRDA:4646,1125,1,0
BRDA:4652,1126,0,0
BRDA:4652,1126,1,0
BRDA:4659,1127,0,0
BRDA:4659,1127,1,0
BRDA:4660,1128,0,0
BRDA:4660,1128,1,0
BRDA:4666,1129,0,0
BRDA:4666,1129,1,0
BRDA:4675,1130,0,0
BRDA:4675,1130,1,0
BRDA:4676,1131,0,0
BRDA:4676,1131,1,0
BRDA:4677,1132,0,0
BRDA:4677,1132,1,0
BRDA:4678,1133,0,0
BRDA:4678,1133,1,0
BRDA:4684,1134,0,0
BRDA:4684,1134,1,0
BRDA:4691,1135,0,0
BRDA:4691,1135,1,0
BRDA:4692,1136,0,0
BRDA:4692,1136,1,0
BRDA:4698,1137,0,0
BRDA:4698,1137,1,0
BRDA:4706,1138,0,0
BRDA:4706,1138,1,0
BRDA:4707,1139,0,0
BRDA:4707,1139,1,0
BRDA:4708,1140,0,0
BRDA:4708,1140,1,0
BRDA:4714,1141,0,0
BRDA:4714,1141,1,0
BRDA:4721,1142,0,0
BRDA:4721,1142,1,0
BRDA:4722,1143,0,0
BRDA:4722,1143,1,0
BRDA:4728,1144,0,0
BRDA:4728,1144,1,0
BRDA:4737,1145,0,0
BRDA:4737,1145,1,0
BRDA:4738,1146,0,0
BRDA:4738,1146,1,0
BRDA:4739,1147,0,0
BRDA:4739,1147,1,0
BRDA:4740,1148,0,0
BRDA:4740,1148,1,0
BRDA:4746,1149,0,0
BRDA:4746,1149,1,0
BRDA:4753,1150,0,0
BRDA:4753,1150,1,0
BRDA:4754,1151,0,0
BRDA:4754,1151,1,0
BRDA:4760,1152,0,0
BRDA:4760,1152,1,0
BRDA:4768,1153,0,0
BRDA:4768,1153,1,0
BRDA:4769,1154,0,0
BRDA:4769,1154,1,0
BRDA:4770,1155,0,0
BRDA:4770,1155,1,0
BRDA:4776,1156,0,0
BRDA:4776,1156,1,0
BRDA:4783,1157,0,0
BRDA:4783,1157,1,0
BRDA:4784,1158,0,0
BRDA:4784,1158,1,0
BRDA:4790,1159,0,0
BRDA:4790,1159,1,0
BRDA:4799,1160,0,0
BRDA:4799,1160,1,0
BRDA:4800,1161,0,0
BRDA:4800,1161,1,0
BRDA:4801,1162,0,0
BRDA:4801,1162,1,0
BRDA:4802,1163,0,0
BRDA:4802,1163,1,0
BRDA:4808,1164,0,0
BRDA:4808,1164,1,0
BRDA:4815,1165,0,0
BRDA:4815,1165,1,0
BRDA:4816,1166,0,0
BRDA:4816,1166,1,0
BRDA:4822,1167,0,0
BRDA:4822,1167,1,0
BRDA:4830,1168,0,0
BRDA:4830,1168,1,0
BRDA:4831,1169,0,0
BRDA:4831,1169,1,0
BRDA:4832,1170,0,0
BRDA:4832,1170,1,0
BRDA:4838,1171,0,0
BRDA:4838,1171,1,0
BRDA:4845,1172,0,0
BRDA:4845,1172,1,0
BRDA:4846,1173,0,0
BRDA:4846,1173,1,0
BRDA:4852,1174,0,0
BRDA:4852,1174,1,0
BRDA:4861,1175,0,0
BRDA:4861,1175,1,0
BRDA:4862,1176,0,0
BRDA:4862,1176,1,0
BRDA:4863,1177,0,0
BRDA:4863,1177,1,0
BRDA:4864,1178,0,0
BRDA:4864,1178,1,0
BRDA:4870,1179,0,0
BRDA:4870,1179,1,0
BRDA:4877,1180,0,0
BRDA:4877,1180,1,0
BRDA:4878,1181,0,0
BRDA:4878,1181,1,0
BRDA:4884,1182,0,0
BRDA:4884,1182,1,0
BRDA:4892,1183,0,0
BRDA:4892,1183,1,0
BRDA:4893,1184,0,0
BRDA:4893,1184,1,0
BRDA:4894,1185,0,0
BRDA:4894,1185,1,0
BRDA:4900,1186,0,0
BRDA:4900,1186,1,0
BRDA:4907,1187,0,0
BRDA:4907,1187,1,0
BRDA:4908,1188,0,0
BRDA:4908,1188,1,0
BRDA:4914,1189,0,0
BRDA:4914,1189,1,0
BRDA:4923,1190,0,0
BRDA:4923,1190,1,0
BRDA:4924,1191,0,0
BRDA:4924,1191,1,0
BRDA:4925,1192,0,0
BRDA:4925,1192,1,0
BRDA:4926,1193,0,0
BRDA:4926,1193,1,0
BRDA:4932,1194,0,0
BRDA:4932,1194,1,0
BRDA:4939,1195,0,0
BRDA:4939,1195,1,0
BRDA:4940,1196,0,0
BRDA:4940,1196,1,0
BRDA:4950,1197,0,0
BRDA:4950,1197,1,0
BRDA:4951,1198,0,0
BRDA:4951,1198,1,0
BRDA:4952,1199,0,0
BRDA:4952,1199,1,0
BRDA:4958,1200,0,0
BRDA:4958,1200,1,0
BRDA:4965,1201,0,0
BRDA:4965,1201,1,0
BRDA:4966,1202,0,0
BRDA:4966,1202,1,0
BRDA:4972,1203,0,0
BRDA:4972,1203,1,0
BRDA:4981,1204,0,0
BRDA:4981,1204,1,0
BRDA:4982,1205,0,0
BRDA:4982,1205,1,0
BRDA:4983,1206,0,0
BRDA:4983,1206,1,0
BRDA:4984,1207,0,0
BRDA:4984,1207,1,0
BRDA:4990,1208,0,0
BRDA:4990,1208,1,0
BRDA:4997,1209,0,0
BRDA:4997,1209,1,0
BRDA:4998,1210,0,0
BRDA:4998,1210,1,0
BRDA:5008,1211,0,0
BRDA:5008,1211,1,0
BRDA:5009,1212,0,0
BRDA:5009,1212,1,0
BRDA:5010,1213,0,0
BRDA:5010,1213,1,0
BRDA:5016,1214,0,0
BRDA:5016,1214,1,0
BRDA:5023,1215,0,0
BRDA:5023,1215,1,0
BRDA:5024,1216,0,0
BRDA:5024,1216,1,0
BRDA:5030,1217,0,0
BRDA:5030,1217,1,0
BRDA:5039,1218,0,0
BRDA:5039,1218,1,0
BRDA:5040,1219,0,0
BRDA:5040,1219,1,0
BRDA:5041,1220,0,0
BRDA:5041,1220,1,0
BRDA:5042,1221,0,0
BRDA:5042,1221,1,0
BRDA:5048,1222,0,0
BRDA:5048,1222,1,0
BRDA:5055,1223,0,0
BRDA:5055,1223,1,0
BRDA:5056,1224,0,0
BRDA:5056,1224,1,0
BRDA:5062,1225,0,0
BRDA:5062,1225,1,0
BRDA:5070,1226,0,0
BRDA:5070,1226,1,0
BRDA:5071,1227,0,0
BRDA:5071,1227,1,0
BRDA:5072,1228,0,0
BRDA:5072,1228,1,0
BRDA:5078,1229,0,0
BRDA:5078,1229,1,0
BRDA:5085,1230,0,0
BRDA:5085,1230,1,0
BRDA:5086,1231,0,0
BRDA:5086,1231,1,0
BRDA:5092,1232,0,0
BRDA:5092,1232,1,0
BRDA:5101,1233,0,0
BRDA:5101,1233,1,0
BRDA:5102,1234,0,0
BRDA:5102,1234,1,0
BRDA:5103,1235,0,0
BRDA:5103,1235,1,0
BRDA:5104,1236,0,0
BRDA:5104,1236,1,0
BRDA:5110,1237,0,0
BRDA:5110,1237,1,0
BRDA:5117,1238,0,0
BRDA:5117,1238,1,0
BRDA:5118,1239,0,0
BRDA:5118,1239,1,0
BRDA:5124,1240,0,0
BRDA:5124,1240,1,0
BRDA:5132,1241,0,0
BRDA:5132,1241,1,0
BRDA:5133,1242,0,0
BRDA:5133,1242,1,0
BRDA:5134,1243,0,0
BRDA:5134,1243,1,0
BRDA:5140,1244,0,0
BRDA:5140,1244,1,0
BRDA:5147,1245,0,0
BRDA:5147,1245,1,0
BRDA:5148,1246,0,0
BRDA:5148,1246,1,0
BRDA:5154,1247,0,0
BRDA:5154,1247,1,0
BRDA:5163,1248,0,0
BRDA:5163,1248,1,0
BRDA:5164,1249,0,0
BRDA:5164,1249,1,0
BRDA:5165,1250,0,0
BRDA:5165,1250,1,0
BRDA:5166,1251,0,0
BRDA:5166,1251,1,0
BRDA:5172,1252,0,0
BRDA:5172,1252,1,0
BRDA:5179,1253,0,0
BRDA:5179,1253,1,0
BRDA:5180,1254,0,0
BRDA:5180,1254,1,0
BRDA:5186,1255,0,0
BRDA:5186,1255,1,0
BRDA:5194,1256,0,0
BRDA:5194,1256,1,0
BRDA:5195,1257,0,0
BRDA:5195,1257,1,0
BRDA:5196,1258,0,0
BRDA:5196,1258,1,0
BRDA:5202,1259,0,0
BRDA:5202,1259,1,0
BRDA:5209,1260,0,0
BRDA:5209,1260,1,0
BRDA:5210,1261,0,0
BRDA:5210,1261,1,0
BRDA:5216,1262,0,0
BRDA:5216,1262,1,0
BRDA:5225,1263,0,0
BRDA:5225,1263,1,0
BRDA:5226,1264,0,0
BRDA:5226,1264,1,0
BRDA:5227,1265,0,0
BRDA:5227,1265,1,0
BRDA:5228,1266,0,0
BRDA:5228,1266,1,0
BRDA:5234,1267,0,0
BRDA:5234,1267,1,0
BRDA:5241,1268,0,0
BRDA:5241,1268,1,0
BRDA:5242,1269,0,0
BRDA:5242,1269,1,0
BRDA:5248,1270,0,0
BRDA:5248,1270,1,0
BRDA:5256,1271,0,0
BRDA:5256,1271,1,0
BRDA:5257,1272,0,0
BRDA:5257,1272,1,0
BRDA:5258,1273,0,0
BRDA:5258,1273,1,0
BRDA:5264,1274,0,0
BRDA:5264,1274,1,0
BRDA:5271,1275,0,0
BRDA:5271,1275,1,0
BRDA:5272,1276,0,0
BRDA:5272,1276,1,0
BRDA:5278,1277,0,0
BRDA:5278,1277,1,0
BRDA:5287,1278,0,0
BRDA:5287,1278,1,0
BRDA:5288,1279,0,0
BRDA:5288,1279,1,0
BRDA:5289,1280,0,0
BRDA:5289,1280,1,0
BRDA:5290,1281,0,0
BRDA:5290,1281,1,0
BRDA:5296,1282,0,0
BRDA:5296,1282,1,0
BRDA:5303,1283,0,0
BRDA:5303,1283,1,0
BRDA:5304,1284,0,0
BRDA:5304,1284,1,0
BRDA:5314,1285,0,0
BRDA:5314,1285,1,0
BRDA:5315,1286,0,0
BRDA:5315,1286,1,0
BRDA:5316,1287,0,0
BRDA:5316,1287,1,0
BRDA:5322,1288,0,0
BRDA:5322,1288,1,0
BRDA:5329,1289,0,0
BRDA:5329,1289,1,0
BRDA:5330,1290,0,0
BRDA:5330,1290,1,0
BRDA:5336,1291,0,0
BRDA:5336,1291,1,0
BRDA:5345,1292,0,0
BRDA:5345,1292,1,0
BRDA:5346,1293,0,0
BRDA:5346,1293,1,0
BRDA:5347,1294,0,0
BRDA:5347,1294,1,0
BRDA:5348,1295,0,0
BRDA:5348,1295,1,0
BRDA:5354,1296,0,0
BRDA:5354,1296,1,0
BRDA:5361,1297,0,0
BRDA:5361,1297,1,0
BRDA:5362,1298,0,0
BRDA:5362,1298,1,0
BRDA:5368,1299,0,0
BRDA:5368,1299,1,0
BRDA:5376,1300,0,0
BRDA:5376,1300,1,0
BRDA:5377,1301,0,0
BRDA:5377,1301,1,0
BRDA:5378,1302,0,0
BRDA:5378,1302,1,0
BRDA:5384,1303,0,0
BRDA:5384,1303,1,0
BRDA:5391,1304,0,0
BRDA:5391,1304,1,0
BRDA:5392,1305,0,0
BRDA:5392,1305,1,0
BRDA:5398,1306,0,0
BRDA:5398,1306,1,0
BRDA:5407,1307,0,0
BRDA:5407,1307,1,0
BRDA:5408,1308,0,0
BRDA:5408,1308,1,0
BRDA:5409,1309,0,0
BRDA:5409,1309,1,0
BRDA:5410,1310,0,0
BRDA:5410,1310,1,0
BRDA:5416,1311,0,0
BRDA:5416,1311,1,0
BRDA:5423,1312,0,0
BRDA:5423,1312,1,0
BRDA:5424,1313,0,0
BRDA:5424,1313,1,0
BRDA:5430,1314,0,0
BRDA:5430,1314,1,0
BRDA:5438,1315,0,0
BRDA:5438,1315,1,0
BRDA:5439,1316,0,0
BRDA:5439,1316,1,0
BRDA:5440,1317,0,0
BRDA:5440,1317,1,0
BRDA:5446,1318,0,0
BRDA:5446,1318,1,0
BRDA:5453,1319,0,0
BRDA:5453,1319,1,0
BRDA:5454,1320,0,0
BRDA:5454,1320,1,0
BRDA:5460,1321,0,0
BRDA:5460,1321,1,0
BRDA:5469,1322,0,0
BRDA:5469,1322,1,0
BRDA:5470,1323,0,0
BRDA:5470,1323,1,0
BRDA:5471,1324,0,0
BRDA:5471,1324,1,0
BRDA:5472,1325,0,0
BRDA:5472,1325,1,0
BRDA:5478,1326,0,0
BRDA:5478,1326,1,0
BRDA:5485,1327,0,0
BRDA:5485,1327,1,0
BRDA:5486,1328,0,0
BRDA:5486,1328,1,0
BRDA:5492,1329,0,0
BRDA:5492,1329,1,0
BRDA:5500,1330,0,0
BRDA:5500,1330,1,0
BRDA:5501,1331,0,0
BRDA:5501,1331,1,0
BRDA:5502,1332,0,0
BRDA:5502,1332,1,0
BRDA:5508,1333,0,0
BRDA:5508,1333,1,0
BRDA:5515,1334,0,0
BRDA:5515,1334,1,0
BRDA:5516,1335,0,0
BRDA:5516,1335,1,0
BRDA:5522,1336,0,0
BRDA:5522,1336,1,0
BRDA:5531,1337,0,0
BRDA:5531,1337,1,0
BRDA:5532,1338,0,0
BRDA:5532,1338,1,0
BRDA:5533,1339,0,0
BRDA:5533,1339,1,0
BRDA:5534,1340,0,0
BRDA:5534,1340,1,0
BRDA:5540,1341,0,0
BRDA:5540,1341,1,0
BRDA:5547,1342,0,0
BRDA:5547,1342,1,0
BRDA:5548,1343,0,0
BRDA:5548,1343,1,0
BRDA:5554,1344,0,0
BRDA:5554,1344,1,0
BRDA:5562,1345,0,0
BRDA:5562,1345,1,0
BRDA:5563,1346,0,0
BRDA:5563,1346,1,0
BRDA:5564,1347,0,0
BRDA:5564,1347,1,0
BRDA:5570,1348,0,0
BRDA:5570,1348,1,0
BRDA:5577,1349,0,0
BRDA:5577,1349,1,0
BRDA:5578,1350,0,0
BRDA:5578,1350,1,0
[...]
FN:244,(anonymous_23)
FNF:24
FNH:0
FNDA:0,(anonymous_0)
FNDA:0,updateReadyState
FNDA:0,(anonymous_2)
FNDA:0,(anonymous_3)
FNDA:0,(anonymous_4)
FNDA:0,(anonymous_5)
FNDA:0,ondownload
FNDA:0,(anonymous_7)
FNDA:0,(anonymous_8)
FNDA:0,(anonymous_9)
FNDA:0,(anonymous_10)
FNDA:0,(anonymous_11)
FNDA:0,(anonymous_12)
FNDA:0,on_click_closure
FNDA:0,(anonymous_14)
FNDA:0,on_mouseover_closure
FNDA:0,(anonymous_16)
FNDA:0,(anonymous_17)
FNDA:0,(anonymous_18)
FNDA:0,(anonymous_19)
FNDA:0,(anonymous_20)
FNDA:0,(anonymous_21)
FNDA:0,(anonymous_22)
FNDA:0,(anonymous_23)
DA:3,0
DA:7,0
DA:9,0
DA:10,0
DA:12,0
DA:13,0
DA:15,0
DA:18,0
DA:19,0
DA:20,0
DA:22,0
DA:23,0
DA:25,0
DA:27,0
DA:30,0
DA:32,0
DA:33,0
DA:34,0
DA:39,0
DA:41,0
DA:44,0
DA:48,0
DA:51,0
DA:52,0
DA:55,0
DA:58,0
DA:62,0
DA:64,0
DA:65,0
DA:66,0
DA:67,0
DA:68,0
DA:70,0
DA:77,0
DA:78,0
DA:79,0
DA:83,0
DA:86,0
DA:87,0
DA:90,0
DA:91,0
DA:93,0
DA:96,0
DA:97,0
DA:101,0
DA:103,0
DA:104,0
DA:105,0
DA:109,0
DA:111,0
DA:112,0
DA:113,0
DA:116,0
DA:117,0
DA:121,0
DA:122,0
DA:124,0
DA:125,0
DA:126,0
DA:129,0
DA:130,0
DA:135,0
DA:136,0
DA:137,0
DA:142,0
DA:143,0
DA:144,0
DA:146,0
DA:147,0
DA:148,0
DA:149,0
DA:150,0
DA:152,0
DA:154,0
DA:155,0
DA:157,0
DA:158,0
DA:159,0
DA:162,0
DA:163,0
DA:164,0
DA:165,0
DA:166,0
DA:167,0
DA:168,0
DA:169,0
DA:172,0
DA:173,0
DA:177,0
DA:178,0
DA:179,0
DA:180,0
DA:183,0
DA:184,0
DA:185,0
DA:186,0
DA:187,0
DA:188,0
DA:189,0
DA:190,0
DA:191,0
DA:193,0
DA:197,0
DA:198,0
DA:199,0
DA:202,0
DA:203,0
DA:204,0
DA:206,0
DA:208,0
DA:211,0
DA:212,0
DA:215,0
DA:217,0
DA:222,0
DA:223,0
DA:226,0
DA:230,0
DA:232,0
DA:233,0
DA:235,0
DA:236,0
DA:240,0
DA:241,0
DA:244,0
DA:249,0
DA:250,0
DA:251,0
DA:252,0
DA:253,0
DA:254,0
DA:255,0
DA:256,0
DA:258,0
DA:260,0
DA:261,0
DA:270,0
DA:271,0
LF:138
LH:0
BRDA:12,0,0,0
BRDA:12,0,1,0
BRDA:33,1,0,0
BRDA:33,1,1,0
BRDA:66,2,0,0
BRDA:66,2,1,0
BRDA:136,3,0,0
BRDA:136,3,1,0
BRDA:152,4,0,0
BRDA:152,4,1,0
BRDA:154,5,0,0
BRDA:154,5,1,0
BRDA:172,6,0,0
BRDA:172,6,1,0
BRDA:204,7,0,0
BRDA:204,7,1,0
BRDA:222,8,0,0
BRDA:222,8,1,0
BRDA:232,9,0,0
BRDA:232,9,1,0
BRDA:232,10,0,0
BRDA:232,10,1,0
BRDA:253,11,0,0
BRDA:253,11,1,0
BRDA:256,12,0,0
BRDA:256,12,1,0
BRDA:260,13,0,0
BRDA:260,13,1,0
BRDA:270,14,0,0
BRDA:270,14,1,0
BRF:30
BRH:0
end_of_record
TN:
SF:.venv/lib/python3.11/site-packages/sklearn/utils/_repr_html/estimator.js
FN:1,copyToClipboard
FN:13,(anonymous_1)
FN:18,(anonymous_2)
FN:23,(anonymous_3)
FN:27,(anonymous_4)
FN:35,(anonymous_5)
FNF:6
FNH:0
FNDA:0,copyToClipboard
FNDA:0,(anonymous_1)
FNDA:0,(anonymous_2)
FNDA:0,(anonymous_3)
FNDA:0,(anonymous_4)
FNDA:0,(anonymous_5)
DA:3,0
DA:4,0
DA:5,0
DA:7,0
DA:8,0
DA:9,0
DA:10,0
DA:12,0
DA:14,0
DA:15,0
DA:16,0
DA:18,0
DA:19,0
DA:20,0
DA:24,0
DA:25,0
DA:26,0
DA:27,0
DA:28,0
DA:29,0
DA:32,0
DA:35,0
DA:36,0
DA:37,0
DA:38,0
DA:39,0
DA:41,0
LF:27
LH:0
BRDA:4,0,0,0
BRDA:4,0,1,0
BRDA:5,1,0,0
BRDA:5,1,1,0
BRDA:37,2,0,0
BRDA:37,2,1,0
BRDA:39,3,0,0
BRDA:39,3,1,0
BRF:8
BRH:0
end_of_record
TN:
SF:config/config.js
FNF:0
FNH:0
DA:6,5
DA:41,5
LF:2
LH:2
BRF:0
BRH:0
end_of_record
TN:
SF:handlers/socketHandlers.js
FN:11,(anonymous_0)
FN:12,(anonymous_1)
FN:16,(anonymous_2)
FN:21,(anonymous_3)
FN:26,(anonymous_4)
FN:31,(anonymous_5)
FN:36,(anonymous_6)
FN:41,(anonymous_7)
FN:46,(anonymous_8)
FN:51,(anonymous_9)
FN:56,(anonymous_10)
FN:61,(anonymous_11)
FN:66,(anonymous_12)
FN:71,(anonymous_13)
FN:76,(anonymous_14)
FN:81,(anonymous_15)
FN:88,(anonymous_16)
FN:92,(anonymous_17)
FN:96,(anonymous_18)
FN:103,(anonymous_19)
FN:112,(anonymous_20)
FN:150,(anonymous_21)
FN:191,(anonymous_22)
FN:212,(anonymous_23)
FN:253,(anonymous_24)
FN:281,(anonymous_25)
FN:301,(anonymous_26)
FN:314,(anonymous_27)
FN:332,(anonymous_28)
FN:347,(anonymous_29)
FN:356,(anonymous_30)
FN:389,(anonymous_31)
FN:475,(anonymous_32)
FN:520,(anonymous_33)
FN:569,(anonymous_34)
FN:626,(anonymous_35)
FN:641,(anonymous_36)
FN:652,(anonymous_37)
FN:683,(anonymous_38)
FN:708,(anonymous_39)
FN:738,(anonymous_40)
FN:759,(anonymous_41)
FNF:42
FNH:4
FNDA:0,(anonymous_0)
FNDA:0,(anonymous_1)
FNDA:0,(anonymous_2)
FNDA:0,(anonymous_3)
FNDA:0,(anonymous_4)
FNDA:0,(anonymous_5)
FNDA:0,(anonymous_6)
FNDA:0,(anonymous_7)
FNDA:0,(anonymous_8)
FNDA:0,(anonymous_9)
FNDA:0,(anonymous_10)
FNDA:0,(anonymous_11)
FNDA:0,(anonymous_12)
FNDA:0,(anonymous_13)
FNDA:0,(anonymous_14)
FNDA:0,(anonymous_15)
FNDA:0,(anonymous_16)
FNDA:0,(anonymous_17)
FNDA:0,(anonymous_18)
FNDA:0,(anonymous_19)
FNDA:0,(anonymous_20)
FNDA:0,(anonymous_21)
FNDA:0,(anonymous_22)
FNDA:0,(anonymous_23)
FNDA:0,(anonymous_24)
FNDA:0,(anonymous_25)
FNDA:0,(anonymous_26)
FNDA:8,(anonymous_27)
FNDA:9,(anonymous_28)
FNDA:11,(anonymous_29)
FNDA:0,(anonymous_30)
FNDA:0,(anonymous_31)
FNDA:0,(anonymous_32)
FNDA:0,(anonymous_33)
FNDA:0,(anonymous_34)
FNDA:0,(anonymous_35)
FNDA:0,(anonymous_36)
FNDA:0,(anonymous_37)
FNDA:0,(anonymous_38)
FNDA:0,(anonymous_39)
FNDA:0,(anonymous_40)
FNDA:1005,(anonymous_41)
DA:1,2
DA:2,2
DA:3,2
DA:4,2
DA:5,2
DA:12,0
DA:13,0
DA:16,0
DA:17,0
DA:21,0
DA:22,0
DA:26,0
DA:27,0
DA:31,0
DA:32,0
DA:36,0
DA:37,0
DA:41,0
DA:42,0
DA:46,0
DA:47,0
DA:51,0
DA:52,0
DA:56,0
DA:57,0
DA:61,0
DA:62,0
DA:66,0
DA:67,0
DA:71,0
DA:72,0
DA:76,0
DA:77,0
DA:81,0
DA:82,0
DA:88,0
DA:89,0
DA:92,0
DA:93,0
DA:96,0
DA:97,0
DA:104,0
DA:105,0
DA:106,0
DA:113,0
DA:114,0
DA:122,0
DA:125,0
DA:126,0
DA:128,0
DA:129,0
DA:130,0
DA:131,0
DA:132,0
DA:134,0
DA:137,0
DA:138,0
DA:139,0
DA:140,0
DA:142,0
DA:143,0
DA:151,0
DA:152,0
DA:153,0
DA:155,0
DA:157,0
DA:158,0
DA:159,0
DA:161,0
DA:162,0
DA:163,0
DA:166,0
DA:168,0
DA:170,0
DA:171,0
DA:172,0
DA:174,0
DA:178,0
DA:180,0
DA:181,0
DA:183,0
DA:184,0
DA:192,0
DA:193,0
DA:194,0
DA:196,0
DA:198,0
DA:199,0
DA:200,0
DA:204,0
DA:205,0
DA:213,0
DA:214,0
DA:216,0
DA:217,0
DA:218,0
DA:221,0
DA:222,0
DA:223,0
DA:226,0
DA:228,0
DA:230,0
DA:231,0
DA:232,0
DA:233,0
DA:235,0
DA:236,0
DA:237,0
DA:238,0
DA:239,0
DA:240,0
DA:241,0
DA:244,0
DA:254,0
DA:255,0
DA:256,0
DA:257,0
DA:258,0
DA:259,0
DA:261,0
DA:262,0
DA:263,0
DA:264,0
DA:265,0
DA:267,0
DA:269,0
DA:270,0
DA:273,0
DA:274,0
DA:282,0
DA:283,0
DA:284,0
DA:285,0
DA:287,0
DA:288,0
DA:289,0
DA:290,0
DA:293,0
DA:294,0
DA:302,0
DA:303,0
DA:304,0
DA:305,0
DA:315,8
DA:316,4
DA:322,4
DA:333,9
DA:334,2
DA:336,7
DA:337,11
DA:338,5
DA:341,2
DA:348,11
DA:349,11
DA:357,0
DA:360,0
DA:361,0
DA:362,0
DA:364,0
DA:365,0
DA:366,0
DA:367,0
DA:368,0
DA:373,0
DA:374,0
DA:375,0
DA:377,0
DA:378,0
DA:379,0
DA:380,0
DA:381,0
DA:390,0
DA:391,0
DA:393,0
DA:394,0
DA:397,0
DA:400,0
DA:402,0
DA:403,0
DA:405,0
DA:406,0
DA:407,0
DA:410,0
DA:411,0
DA:412,0
DA:414,0
DA:415,0
DA:416,0
DA:419,0
DA:420,0
DA:422,0
DA:423,0
DA:424,0
DA:427,0
DA:428,0
DA:429,0
DA:431,0
DA:432,0
DA:433,0
DA:434,0
DA:437,0
DA:438,0
DA:439,0
DA:440,0
DA:441,0
DA:442,0
DA:443,0
DA:444,0
DA:445,0
DA:447,0
DA:450,0
DA:452,0
DA:453,0
DA:454,0
DA:456,0
DA:457,0
DA:460,0
DA:461,0
DA:462,0
DA:464,0
DA:465,0
DA:466,0
DA:469,0
DA:472,0
DA:476,0
DA:478,0
DA:479,0
DA:480,0
DA:481,0
DA:484,0
DA:485,0
DA:487,0
DA:488,0
DA:489,0
DA:491,0
DA:492,0
DA:493,0
DA:496,0
DA:497,0
DA:498,0
DA:500,0
DA:501,0
DA:502,0
DA:503,0
DA:506,0
DA:507,0
DA:508,0
DA:510,0
DA:513,0
DA:515,0
DA:516,0
DA:517,0
DA:519,0
DA:520,0
DA:521,0
DA:523,0
DA:524,0
DA:525,0
DA:527,0
DA:528,0
DA:529,0
DA:531,0
DA:533,0
DA:534,0
DA:535,0
DA:536,0
DA:537,0
DA:539,0
DA:542,0
DA:543,0
DA:544,0
DA:545,0
DA:546,0
DA:547,0
DA:549,0
DA:551,0
DA:552,0
DA:554,0
DA:557,0
DA:558,0
DA:559,0
DA:562,0
DA:563,0
DA:570,0
DA:571,0
DA:572,0
DA:574,0
DA:576,0
DA:577,0
DA:578,0
DA:581,0
DA:582,0
DA:584,0
DA:585,0
DA:587,0
DA:588,0
DA:589,0
DA:590,0
DA:594,0
DA:597,0
DA:598,0
DA:599,0
DA:602,0
DA:603,0
DA:605,0
DA:606,0
DA:607,0
DA:608,0
DA:611,0
DA:613,0
DA:615,0
DA:616,0
DA:618,0
DA:619,0
DA:620,0
DA:627,0
DA:628,0
DA:629,0
DA:630,0
DA:632,0
DA:642,0
DA:643,0
DA:644,0
DA:645,0
DA:653,0
DA:656,0
DA:657,0
DA:658,0
DA:660,0
DA:663,0
DA:664,0
DA:665,0
DA:667,0
DA:668,0
DA:669,0
DA:671,0
DA:675,0
DA:676,0
DA:677,0
DA:679,0
DA:683,0
DA:684,0
DA:685,0
DA:686,0
DA:691,0
DA:693,0
DA:694,0
DA:700,0
DA:709,0
DA:711,0
DA:712,0
DA:713,0
DA:716,0
DA:719,0
DA:722,0
DA:729,0
DA:730,0
DA:733,0
DA:734,0
DA:735,0
DA:737,0
DA:738,0
DA:739,0
DA:740,0
DA:741,0
DA:749,0
DA:750,0
DA:760,1005
DA:764,2
LF:369
LH:18
BRDA:126,0,0,0
BRDA:126,0,1,0
BRDA:130,1,0,0
BRDA:130,1,1,0
BRDA:139,2,0,0
BRDA:139,2,1,0
BRDA:142,3,0,0
BRDA:142,3,1,0
BRDA:157,4,0,0
BRDA:157,4,1,0
BRDA:158,5,0,0
BRDA:158,5,1,0
BRDA:161,6,0,0
BRDA:161,6,1,0
BRDA:162,7,0,0
BRDA:162,7,1,0
BRDA:168,8,0,0
BRDA:168,8,1,0
BRDA:170,9,0,0
BRDA:170,9,1,0
BRDA:183,10,0,0
BRDA:183,10,1,0
BRDA:199,11,0,0
BRDA:199,11,1,0
BRDA:204,12,0,0
BRDA:204,12,1,0
BRDA:216,13,0,0
BRDA:216,13,1,0
BRDA:221,14,0,0
BRDA:221,14,1,0
BRDA:231,15,0,0
BRDA:231,15,1,0
BRDA:235,16,0,0
BRDA:235,16,1,0
BRDA:236,17,0,0
BRDA:236,17,1,0
BRDA:239,18,0,0
BRDA:239,18,1,0
BRDA:264,19,0,0
BRDA:264,19,1,0
BRDA:273,20,0,0
BRDA:273,20,1,0
BRDA:287,21,0,0
BRDA:287,21,1,0
BRDA:289,22,0,0
BRDA:289,22,1,0
BRDA:293,23,0,0
BRDA:293,23,1,0
BRDA:315,24,0,4
BRDA:315,24,1,4
BRDA:315,25,0,8
BRDA:315,25,1,6
BRDA:315,25,2,5
BRDA:317,26,0,4
BRDA:317,26,1,1
BRDA:318,27,0,4
BRDA:318,27,1,1
BRDA:323,28,0,4
BRDA:323,28,1,2
BRDA:323,28,2,3
BRDA:324,29,0,4
BRDA:324,29,1,2
BRDA:324,29,2,3
BRDA:333,30,0,2
BRDA:333,30,1,7
BRDA:333,31,0,9
BRDA:333,31,1,8
BRDA:337,32,0,5
BRDA:337,32,1,6
BRDA:337,33,0,11
BRDA:337,33,1,11
BRDA:347,34,0,1
BRDA:356,35,0,0
BRDA:357,36,0,0
BRDA:357,37,0,0
BRDA:360,38,0,0
BRDA:360,38,1,0
BRDA:361,39,0,0
BRDA:361,39,1,0
BRDA:361,40,0,0
BRDA:361,40,1,0
BRDA:361,40,2,0
BRDA:365,41,0,0
BRDA:365,41,1,0
BRDA:365,42,0,0
BRDA:365,42,1,0
BRDA:365,42,2,0
BRDA:373,43,0,0
BRDA:373,43,1,0
BRDA:374,44,0,0
BRDA:374,44,1,0
BRDA:374,45,0,0
BRDA:374,45,1,0
BRDA:374,45,2,0
BRDA:378,46,0,0
BRDA:378,46,1,0
BRDA:378,47,0,0
BRDA:378,47,1,0
BRDA:378,47,2,0
BRDA:402,48,0,0
BRDA:402,48,1,0
BRDA:407,49,0,0
BRDA:407,49,1,0
BRDA:415,50,0,0
BRDA:415,50,1,0
BRDA:422,51,0,0
BRDA:422,51,1,0
BRDA:432,52,0,0
BRDA:432,52,1,0
BRDA:441,53,0,0
BRDA:441,53,1,0
BRDA:450,54,0,0
BRDA:450,54,1,0
BRDA:452,55,0,0
BRDA:452,55,1,0
BRDA:452,56,0,0
BRDA:452,56,1,0
BRDA:457,57,0,0
BRDA:457,57,1,0
BRDA:465,58,0,0
BRDA:465,58,1,0
BRDA:479,59,0,0
BRDA:479,59,1,0
BRDA:479,60,0,0
BRDA:479,60,1,0
BRDA:487,61,0,0
BRDA:487,61,1,0
BRDA:491,62,0,0
BRDA:491,62,1,0
BRDA:501,63,0,0
BRDA:501,63,1,0
BRDA:506,64,0,0
BRDA:506,64,1,0
BRDA:523,65,0,0
BRDA:523,65,1,0
BRDA:527,66,0,0
BRDA:527,66,1,0
BRDA:527,67,0,0
BRDA:527,67,1,0
BRDA:534,68,0,0
BRDA:534,68,1,0
BRDA:542,69,0,0
BRDA:542,69,1,0
BRDA:542,70,0,0
BRDA:542,70,1,0
BRDA:544,71,0,0
BRDA:544,71,1,0
BRDA:551,72,0,0
BRDA:551,72,1,0
BRDA:557,73,0,0
BRDA:557,73,1,0
BRDA:576,74,0,0
BRDA:576,74,1,0
BRDA:576,75,0,0
BRDA:576,75,1,0
BRDA:584,76,0,0
BRDA:584,76,1,0
BRDA:588,77,0,0
BRDA:588,77,1,0
BRDA:597,78,0,0
BRDA:597,78,1,0
BRDA:606,79,0,0
BRDA:606,79,1,0
BRDA:630,80,0,0
BRDA:630,80,1,0
BRDA:643,81,0,0
BRDA:643,81,1,0
BRDA:643,82,0,0
BRDA:643,82,1,0
BRDA:656,83,0,0
BRDA:656,83,1,0
BRDA:656,84,0,0
BRDA:656,84,1,0
BRDA:657,85,0,0
BRDA:657,85,1,0
BRDA:667,86,0,0
BRDA:667,86,1,0
BRDA:668,87,0,0
BRDA:668,87,1,0
BRDA:675,88,0,0
BRDA:675,88,1,0
BRDA:676,89,0,0
BRDA:676,89,1,0
BRDA:685,90,0,0
BRDA:685,90,1,0
BRDA:685,91,0,0
BRDA:685,91,1,0
BRDA:693,92,0,0
BRDA:693,92,1,0
BRDA:696,93,0,0
BRDA:696,93,1,0
BRDA:711,94,0,0
BRDA:711,94,1,0
BRDA:711,95,0,0
BRDA:711,95,1,0
BRDA:729,96,0,0
BRDA:729,96,1,0
BRDA:737,97,0,0
BRDA:737,97,1,0
BRDA:740,98,0,0
BRDA:740,98,1,0
BRDA:740,99,0,0
BRDA:740,99,1,0
BRDA:740,99,2,0
BRF:204
BRH:24
end_of_record
TN:
SF:managers/dataManager.js
FN:11,(anonymous_0)
FN:26,(anonymous_1)
FN:36,(anonymous_2)
FN:48,(anonymous_3)
FN:53,(anonymous_4)
FN:61,(anonymous_5)
FN:69,(anonymous_6)
FN:93,(anonymous_7)
FN:97,(anonymous_8)
FNF:9
FNH:0
FNDA:0,(anonymous_0)
FNDA:0,(anonymous_1)
FNDA:0,(anonymous_2)
FNDA:0,(anonymous_3)
FNDA:0,(anonymous_4)
FNDA:0,(anonymous_5)
FNDA:0,(anonymous_6)
FNDA:0,(anonymous_7)
FNDA:0,(anonymous_8)
DA:1,3
DA:2,3
DA:3,3
DA:5,3
DA:12,0
DA:13,0
DA:14,0
DA:15,0
DA:16,0
DA:18,0
DA:21,0
DA:22,0
DA:27,0
DA:28,0
DA:29,0
DA:31,0
DA:32,0
DA:37,0
DA:38,0
DA:39,0
DA:44,0
DA:49,0
DA:50,0
DA:54,0
DA:55,0
DA:56,0
DA:57,0
DA:62,0
DA:63,0
DA:64,0
DA:65,0
DA:70,0
DA:71,0
DA:73,0
DA:74,0
DA:75,0
DA:76,0
DA:78,0
DA:79,0
DA:80,0
DA:81,0
DA:85,0
DA:86,0
DA:87,0
DA:89,0
DA:94,0
DA:98,0
DA:102,3
LF:48
LH:5
BRDA:13,0,0,0
BRDA:13,0,1,0
BRDA:26,1,0,0
BRDA:38,2,0,0
BRDA:38,2,1,0
BRDA:55,3,0,0
BRDA:55,3,1,0
BRDA:63,4,0,0
BRDA:63,4,1,0
BRDA:78,5,0,0
BRDA:78,5,1,0
BRDA:85,6,0,0
BRDA:85,6,1,0
BRF:13
BRH:0
end_of_record
TN:
SF:managers/roomManager.js
FN:9,(anonymous_0)
FN:26,(anonymous_1)
FN:31,(anonymous_2)
FN:48,(anonymous_3)
FN:63,(anonymous_4)
FN:74,(anonymous_5)
FN:88,(anonymous_6)
FN:115,(anonymous_7)
FN:132,(anonymous_8)
FN:166,(anonymous_9)
FN:179,(anonymous_10)
FN:204,(anonymous_11)
FN:216,(anonymous_12)
FN:222,(anonymous_13)
FN:239,(anonymous_14)
FNF:15
FNH:0
FNDA:0,(anonymous_0)
FNDA:0,(anonymous_1)
FNDA:0,(anonymous_2)
FNDA:0,(anonymous_3)
FNDA:0,(anonymous_4)
FNDA:0,(anonymous_5)
FNDA:0,(anonymous_6)
FNDA:0,(anonymous_7)
FNDA:0,(anonymous_8)
FNDA:0,(anonymous_9)
FNDA:0,(anonymous_10)
FNDA:0,(anonymous_11)
FNDA:0,(anonymous_12)
FNDA:0,(anonymous_13)
FNDA:0,(anonymous_14)
DA:1,3
DA:2,3
DA:3,3
DA:10,0
DA:11,0
DA:13,0
DA:14,0
DA:22,0
DA:27,0
DA:28,0
DA:32,0
DA:34,0
DA:35,0
DA:36,0
DA:37,0
DA:38,0
DA:39,0
DA:41,0
DA:42,0
DA:45,0
DA:49,0
DA:50,0
DA:52,0
DA:53,0
DA:54,0
DA:55,0
DA:56,0
DA:57,0
DA:58,0
DA:64,0
DA:65,0
DA:67,0
DA:68,0
DA:69,0
DA:70,0
DA:75,0
DA:76,0
DA:78,0
DA:79,0
DA:80,0
DA:81,0
DA:89,0
DA:90,0
DA:91,0
DA:92,0
DA:94,0
DA:95,0
DA:97,0
DA:98,0
DA:99,0
DA:100,0
DA:104,0
DA:105,0
DA:106,0
DA:109,0
DA:116,0
DA:117,0
DA:119,0
DA:120,0
DA:121,0
DA:122,0
DA:123,0
DA:125,0
DA:133,0
DA:134,0
DA:135,0
DA:136,0
DA:137,0
DA:139,0
DA:140,0
DA:142,0
DA:143,0
DA:144,0
DA:148,0
DA:149,0
DA:150,0
DA:151,0
DA:155,0
DA:156,0
DA:157,0
DA:160,0
DA:167,0
DA:168,0
DA:170,0
DA:171,0
DA:172,0
DA:180,0
DA:181,0
DA:183,0
DA:184,0
DA:185,0
DA:186,0
DA:189,0
DA:190,0
DA:191,0
DA:194,0
DA:195,0
DA:198,0
DA:205,0
DA:206,0
DA:208,0
DA:209,0
DA:211,0
DA:212,0
DA:216,0
DA:217,0
DA:218,0
DA:221,0
DA:223,0
DA:226,0
DA:227,0
DA:230,0
DA:233,0
DA:240,0
DA:241,0
DA:243,0
DA:244,0
DA:245,0
DA:246,0
DA:251,3
LF:120
LH:4
BRDA:13,0,0,0
BRDA:13,0,1,0
BRDA:34,1,0,0
BRDA:34,1,1,0
BRDA:36,2,0,0
BRDA:36,2,1,0
BRDA:52,3,0,0
BRDA:52,3,1,0
BRDA:55,4,0,0
BRDA:55,4,1,0
BRDA:67,5,0,0
BRDA:67,5,1,0
BRDA:78,6,0,0
BRDA:78,6,1,0
BRDA:97,7,0,0
BRDA:97,7,1,0
BRDA:97,8,0,0
BRDA:97,8,1,0
BRDA:104,9,0,0
BRDA:104,9,1,0
BRDA:119,10,0,0
BRDA:119,10,1,0
BRDA:132,11,0,0
BRDA:142,12,0,0
BRDA:142,12,1,0
BRDA:148,13,0,0
BRDA:148,13,1,0
BRDA:148,14,0,0
BRDA:148,14,1,0
BRDA:155,15,0,0
BRDA:155,15,1,0
BRDA:170,16,0,0
BRDA:170,16,1,0
BRDA:183,17,0,0
BRDA:183,17,1,0
BRDA:185,18,0,0
BRDA:185,18,1,0
BRDA:189,19,0,0
BRDA:189,19,1,0
BRDA:208,20,0,0
BRDA:208,20,1,0
BRDA:211,21,0,0
BRDA:211,21,1,0
BRDA:218,22,0,0
BRDA:218,22,1,0
BRDA:221,23,0,0
BRDA:221,23,1,0
BRDA:226,24,0,0
BRDA:226,24,1,0
BRDA:243,25,0,0
BRDA:243,25,1,0
BRF:51
BRH:0
end_of_record
TN:
SF:services/gameService.js
FN:13,(anonymous_0)
FN:29,(anonymous_1)
FN:33,(anonymous_2)
FN:61,(anonymous_3)
FN:94,(anonymous_4)
FN:114,(anonymous_5)
FN:142,(anonymous_6)
FN:163,(anonymous_7)
FN:210,(anonymous_8)
FN:211,(anonymous_9)
FN:221,(anonymous_10)
FN:222,(anonymous_11)
FN:236,(anonymous_12)
FN:251,(anonymous_13)
FN:292,(anonymous_14)
FN:349,(anonymous_15)
FN:387,(anonymous_16)
FN:431,(anonymous_17)
FN:432,(anonymous_18)
FN:438,(anonymous_19)
FNF:20
FNH:5
FNDA:0,(anonymous_0)
FNDA:0,(anonymous_1)
FNDA:0,(anonymous_2)
FNDA:22,(anonymous_3)
FNDA:8,(anonymous_4)
FNDA:6,(anonymous_5)
FNDA:0,(anonymous_6)
FNDA:0,(anonymous_7)
FNDA:0,(anonymous_8)
FNDA:0,(anonymous_9)
FNDA:0,(anonymous_10)
FNDA:0,(anonymous_11)
FNDA:0,(anonymous_12)
FNDA:0,(anonymous_13)
FNDA:0,(anonymous_14)
FNDA:14,(anonymous_15)
FNDA:11,(anonymous_16)
FNDA:0,(anonymous_17)
FNDA:0,(anonymous_18)
FNDA:0,(anonymous_19)
DA:1,3
DA:2,3
DA:3,3
DA:4,3
DA:5,3
DA:6,3
DA:7,3
DA:14,0
DA:15,0
DA:16,0
DA:17,0
DA:18,0
DA:19,0
DA:20,0
DA:21,0
DA:22,0
DA:25,0
DA:26,0
DA:30,0
DA:34,0
DA:35,0
DA:37,0
DA:38,0
DA:41,0
DA:42,0
DA:43,0
DA:45,0
DA:46,0
DA:50,0
DA:51,0
DA:54,0
DA:56,0
DA:57,0
DA:62,22
DA:63,22
DA:64,22
DA:65,22
DA:66,22
DA:67,22
DA:70,22
DA:71,2
DA:72,2
DA:75,20
DA:76,2
DA:77,2
DA:81,18
DA:82,5
DA:84,5
DA:85,5
DA:87,5
DA:88,10
DA:89,10
DA:90,10
DA:91,10
DA:94,8
DA:95,5
DA:96,5
DA:97,5
DA:100,13
DA:101,12
DA:103,12
DA:104,12
DA:105,12
DA:106,12
DA:109,1
DA:110,1
DA:111,1
DA:115,6
DA:116,6
DA:118,6
DA:119,1
DA:120,1
DA:121,1
DA:124,5
DA:125,2
DA:126,2
DA:129,3
DA:130,3
DA:132,0
DA:133,0
DA:143,0
DA:145,0
DA:146,0
DA:147,0
DA:148,0
DA:149,0
DA:153,0
DA:164,0
DA:165,0
DA:167,0
DA:168,0
DA:170,0
DA:171,0
DA:173,0
DA:174,0
DA:177,0
DA:178,0
DA:181,0
DA:183,0
DA:185,0
DA:186,0
DA:187,0
DA:190,0
DA:191,0
DA:192,0
DA:196,0
DA:197,0
DA:199,0
DA:200,0
DA:202,0
DA:211,0
DA:212,0
DA:222,0
DA:223,0
DA:237,0
DA:238,0
DA:240,0
DA:241,0
DA:242,0
DA:243,0
DA:245,0
DA:246,0
DA:250,0
DA:251,0
DA:252,0
DA:253,0
DA:255,0
DA:256,0
DA:260,0
DA:261,0
DA:264,0
DA:265,0
DA:267,0
DA:268,0
DA:270,0
DA:271,0
DA:272,0
DA:274,0
DA:276,0
DA:279,0
DA:280,0
DA:293,0
DA:295,0
DA:296,0
DA:297,0
DA:298,0
DA:301,0
DA:305,0
DA:306,0
DA:307,0
DA:311,0
DA:312,0
DA:313,0
DA:315,0
DA:316,0
DA:317,0
DA:318,0
DA:321,0
DA:325,0
DA:333,0
DA:337,0
DA:339,0
DA:350,14
DA:351,14
DA:353,14
DA:354,4
DA:357,10
DA:358,8
DA:360,8
DA:361,5
DA:363,3
DA:364,3
DA:365,2
DA:368,3
DA:371,3
DA:375,2
DA:377,0
DA:378,0
DA:397,11
DA:399,11
DA:400,10
DA:401,9
DA:402,3
DA:403,3
DA:415,6
DA:417,2
DA:418,2
DA:432,0
DA:433,0
DA:434,0
DA:435,0
DA:436,0
DA:438,0
DA:439,0
DA:440,0
DA:441,0
DA:442,0
DA:443,0
DA:445,0
DA:447,0
DA:448,0
DA:449,0
DA:456,3
LF:203
LH:76
BRDA:17,0,0,0
BRDA:17,0,1,0
BRDA:17,1,0,0
BRDA:17,1,1,0
BRDA:17,1,2,0
BRDA:20,2,0,0
BRDA:20,2,1,0
BRDA:41,3,0,0
BRDA:41,3,1,0
BRDA:50,4,0,0
BRDA:50,4,1,0
BRDA:50,5,0,0
BRDA:50,5,1,0
BRDA:50,5,2,0
BRDA:70,6,0,2
BRDA:70,6,1,20
BRDA:75,7,0,2
BRDA:75,7,1,18
BRDA:75,8,0,20
BRDA:75,8,1,19
BRDA:81,9,0,5
BRDA:81,9,1,13
BRDA:94,10,0,8
BRDA:94,10,1,6
BRDA:100,11,0,12
BRDA:100,11,1,1
BRDA:118,12,0,1
BRDA:118,12,1,5
BRDA:118,13,0,6
BRDA:118,13,1,1
BRDA:124,14,0,2
BRDA:124,14,1,3
BRDA:124,15,0,5
BRDA:124,15,1,3
BRDA:148,16,0,0
BRDA:148,16,1,0
BRDA:148,17,0,0
BRDA:148,17,1,0
BRDA:183,18,0,0
BRDA:183,18,1,0
BRDA:196,19,0,0
BRDA:196,19,1,0
BRDA:245,20,0,0
BRDA:245,20,1,0
BRDA:250,21,0,0
BRDA:250,21,1,0
BRDA:252,22,0,0
BRDA:252,22,1,0
BRDA:260,23,0,0
BRDA:260,23,1,0
BRDA:260,24,0,0
BRDA:260,24,1,0
BRDA:270,25,0,0
BRDA:270,25,1,0
BRDA:272,26,0,0
BRDA:272,26,1,0
BRDA:274,27,0,0
BRDA:274,27,1,0
BRDA:296,28,0,0
BRDA:296,28,1,0
BRDA:306,29,0,0
BRDA:306,29,1,0
BRDA:312,30,0,0
BRDA:312,30,1,0
BRDA:312,31,0,0
BRDA:312,31,1,0
BRDA:312,31,2,0
BRDA:316,32,0,0
BRDA:316,32,1,0
BRDA:316,33,0,0
BRDA:316,33,1,0
BRDA:316,33,2,0
BRDA:351,34,0,8
BRDA:351,34,1,6
BRDA:353,35,0,4
BRDA:353,35,1,10
BRDA:354,36,0,2
BRDA:354,36,1,2
BRDA:354,37,0,4
BRDA:354,37,1,3
BRDA:357,38,0,8
BRDA:357,38,1,2
BRDA:360,39,0,5
BRDA:360,39,1,3
BRDA:360,40,0,8
BRDA:360,40,1,6
BRDA:360,40,2,6
BRDA:361,41,0,3
BRDA:361,41,1,2
BRDA:364,42,0,2
BRDA:364,42,1,1
BRDA:364,43,0,3
BRDA:364,43,1,3
BRDA:399,44,0,11
BRDA:399,44,1,1
BRDA:401,45,0,3
BRDA:401,45,1,6
BRDA:401,46,0,9
BRDA:401,46,1,8
BRDA:439,47,0,0
BRDA:439,47,1,0
BRDA:441,48,0,0
BRDA:441,48,1,0
BRDA:449,49,0,0
BRDA:449,49,1,0
BRF:105
BRH:47
end_of_record
TN:
SF:utils/logger.js
FN:7,(anonymous_0)
FN:20,(anonymous_1)
FN:24,(anonymous_2)
FN:28,(anonymous_3)
FN:32,(anonymous_4)
FNF:5
FNH:5
FNDA:240,(anonymous_0)
FNDA:3,(anonymous_1)
FNDA:10,(anonymous_2)
FNDA:4,(anonymous_3)
FNDA:219,(anonymous_4)
DA:1,4
DA:8,240
DA:9,240
DA:11,240
DA:12,4
DA:13,236
DA:14,11
DA:16,225
DA:21,3
DA:25,10
DA:29,4
DA:33,219
DA:37,4
LF:13
LH:13
BRDA:7,0,0,2
BRDA:11,1,0,4
BRDA:11,1,1,236
BRDA:12,2,0,4
BRDA:12,2,1,0
BRDA:13,3,0,11
BRDA:13,3,1,225
BRDA:14,4,0,11
BRDA:14,4,1,10
BRDA:16,5,0,225
BRDA:16,5,1,223
BRDA:20,6,0,0
BRDA:24,7,0,9
BRDA:28,8,0,2
BRDA:32,9,0,219
BRF:15
BRH:13
end_of_record
